---------------------------------------------------------------

[2020-10-28T08:42:51+08:00] 127.0.0.1 GET www.test.com/
[运行时间：1.098857s] [吞吐率：0.91req/s] [内存消耗：3,763.02kb] [文件加载：148]
[ info ] [ LANG ] E:\MyServer\www\test\thinkphp\lang\zh-cn.php
[ info ] [ DB ] INIT mysql
[ info ] [ ROUTE ] array (
)
[ info ] [ HEADER ] array (
  'host' => 'www.test.com',
  'connection' => 'keep-alive',
  'upgrade-insecure-requests' => '1',
  'user-agent' => 'Mozilla/5.0 (Windows NT 10.0; WOW64) AppleWebKit/537.36 (KHTML, like Gecko) Chrome/73.0.3683.75 Safari/537.36',
  'accept' => 'text/html,application/xhtml+xml,application/xml;q=0.9,image/webp,image/apng,*/*;q=0.8,application/signed-exchange;v=b3',
  'accept-encoding' => 'gzip, deflate',
  'accept-language' => 'zh-CN,zh;q=0.9',
)
[ info ] [ PARAM ] array (
)
[ info ] [ VIEW ] E:\MyServer\www\test\application\index\view\index\index.html [ array (
) ]
[ sql ] [ DB ] CONNECT:[ UseTime:0.138791s ] mysql:host=127.0.0.1;dbname=test;charset=utf8
[ sql ] [ SQL ] SHOW COLUMNS FROM `en_hooks` [ RunTime:0.317324s ]
[ sql ] [ SQL ] SELECT `name`,`addons`,`modules` FROM `en_hooks` WHERE  `status` = 1 [ RunTime:0.025116s ]
---------------------------------------------------------------

[2020-10-28T08:42:51+08:00] 127.0.0.1 GET www.test.com/favicon.ico
[运行时间：0.119064s] [吞吐率：8.40req/s] [内存消耗：3,761.17kb] [文件加载：149]
[ info ] [ LANG ] E:\MyServer\www\test\thinkphp\lang\zh-cn.php
[ info ] [ DB ] INIT mysql
[ info ] [ ROUTE ] array (
)
[ info ] [ HEADER ] array (
  'host' => 'www.test.com',
  'connection' => 'keep-alive',
  'user-agent' => 'Mozilla/5.0 (Windows NT 10.0; WOW64) AppleWebKit/537.36 (KHTML, like Gecko) Chrome/73.0.3683.75 Safari/537.36',
  'accept' => 'image/webp,image/apng,image/*,*/*;q=0.8',
  'referer' => 'http://www.test.com/',
  'accept-encoding' => 'gzip, deflate',
  'accept-language' => 'zh-CN,zh;q=0.9',
  'cookie' => 'thinkphp_show_page_trace=0|0',
)
[ info ] [ PARAM ] array (
  '/favicon_ico' => '',
)
[ sql ] [ DB ] CONNECT:[ UseTime:0.016387s ] mysql:host=127.0.0.1;dbname=test;charset=utf8
[ sql ] [ SQL ] SHOW COLUMNS FROM `en_hooks` [ RunTime:0.001628s ]
[ sql ] [ SQL ] SELECT `name`,`addons`,`modules` FROM `en_hooks` WHERE  `status` = 1 [ RunTime:0.000604s ]
---------------------------------------------------------------

[2020-10-28T08:42:55+08:00] 127.0.0.1 GET www.test.com/admin
[运行时间：0.368329s] [吞吐率：2.71req/s] [内存消耗：4,510.82kb] [文件加载：171]
[ info ] [ LANG ] E:\MyServer\www\test\thinkphp\lang\zh-cn.php
[ info ] [ DB ] INIT mysql
[ info ] [ ROUTE ] array (
)
[ info ] [ HEADER ] array (
  'host' => 'www.test.com',
  'connection' => 'keep-alive',
  'upgrade-insecure-requests' => '1',
  'user-agent' => 'Mozilla/5.0 (Windows NT 10.0; WOW64) AppleWebKit/537.36 (KHTML, like Gecko) Chrome/73.0.3683.75 Safari/537.36',
  'accept' => 'text/html,application/xhtml+xml,application/xml;q=0.9,image/webp,image/apng,*/*;q=0.8,application/signed-exchange;v=b3',
  'accept-encoding' => 'gzip, deflate',
  'accept-language' => 'zh-CN,zh;q=0.9',
  'cookie' => 'thinkphp_show_page_trace=0|0',
)
[ info ] [ PARAM ] array (
  '/admin' => '',
)
[ info ] [ VIEW ] E:\MyServer\www\test\application\common\view\dispatch_jump.tpl [ array (
  0 => 'code',
  1 => 'msg',
  2 => 'data',
  3 => 'url',
  4 => 'wait',
) ]
[ sql ] [ DB ] CONNECT:[ UseTime:0.017384s ] mysql:host=127.0.0.1;dbname=test;charset=utf8
[ sql ] [ SQL ] SHOW COLUMNS FROM `en_hooks` [ RunTime:0.001538s ]
[ sql ] [ SQL ] SELECT `name`,`addons`,`modules` FROM `en_hooks` WHERE  `status` = 1 [ RunTime:0.000448s ]
[ sql ] [ SQL ] SHOW COLUMNS FROM `en_adminlog` [ RunTime:0.010922s ]
[ sql ] [ SQL ] INSERT INTO `en_adminlog` (`uid` , `status` , `info` , `get` , `ip` , `create_time`) VALUES (0 , 0 , '提示语:请先登陆' , '/admin' , '127.0.0.1' , 1603845774) [ RunTime:0.155729s ]
---------------------------------------------------------------

[2020-10-28T08:42:56+08:00] 127.0.0.1 GET www.test.com/admin/index/login.html
[运行时间：0.224611s] [吞吐率：4.45req/s] [内存消耗：4,205.46kb] [文件加载：163]
[ info ] [ LANG ] E:\MyServer\www\test\thinkphp\lang\zh-cn.php
[ info ] [ DB ] INIT mysql
[ info ] [ ROUTE ] array (
)
[ info ] [ HEADER ] array (
  'host' => 'www.test.com',
  'connection' => 'keep-alive',
  'upgrade-insecure-requests' => '1',
  'user-agent' => 'Mozilla/5.0 (Windows NT 10.0; WOW64) AppleWebKit/537.36 (KHTML, like Gecko) Chrome/73.0.3683.75 Safari/537.36',
  'accept' => 'text/html,application/xhtml+xml,application/xml;q=0.9,image/webp,image/apng,*/*;q=0.8,application/signed-exchange;v=b3',
  'referer' => 'http://www.test.com/admin',
  'accept-encoding' => 'gzip, deflate',
  'accept-language' => 'zh-CN,zh;q=0.9',
  'cookie' => 'thinkphp_show_page_trace=0|0; PHPSESSID=q8sslcho7ji9a9rsebsli7b17s',
)
[ info ] [ PARAM ] array (
  '/admin/index/login_html' => '',
)
[ info ] [ VIEW ] E:\MyServer\www\test\application\admin\view\index\login.html [ array (
) ]
[ sql ] [ DB ] CONNECT:[ UseTime:0.013697s ] mysql:host=127.0.0.1;dbname=test;charset=utf8
[ sql ] [ SQL ] SHOW COLUMNS FROM `en_hooks` [ RunTime:0.001568s ]
[ sql ] [ SQL ] SELECT `name`,`addons`,`modules` FROM `en_hooks` WHERE  `status` = 1 [ RunTime:0.000564s ]
---------------------------------------------------------------

[2020-10-28T08:42:57+08:00] 127.0.0.1 GET www.test.com/captcha.html
[运行时间：0.314168s] [吞吐率：3.18req/s] [内存消耗：3,423.69kb] [文件加载：141]
[ info ] [ LANG ] E:\MyServer\www\test\thinkphp\lang\zh-cn.php
[ info ] [ DB ] INIT mysql
[ info ] [ ROUTE ] array (
  'rule' => 'captcha/<id?>',
  'route' => '\\think\\captcha\\CaptchaController@index',
  'option' => 
  array (
    'merge_rule_regex' => false,
  ),
  'var' => 
  array (
  ),
)
[ info ] [ HEADER ] array (
  'host' => 'www.test.com',
  'connection' => 'keep-alive',
  'user-agent' => 'Mozilla/5.0 (Windows NT 10.0; WOW64) AppleWebKit/537.36 (KHTML, like Gecko) Chrome/73.0.3683.75 Safari/537.36',
  'accept' => 'image/webp,image/apng,image/*,*/*;q=0.8',
  'referer' => 'http://www.test.com/admin/index/login.html',
  'accept-encoding' => 'gzip, deflate',
  'accept-language' => 'zh-CN,zh;q=0.9',
  'cookie' => 'thinkphp_show_page_trace=0|0; PHPSESSID=q8sslcho7ji9a9rsebsli7b17s',
)
[ info ] [ PARAM ] array (
  '/captcha_html' => '',
)
[ sql ] [ DB ] CONNECT:[ UseTime:0.021192s ] mysql:host=127.0.0.1;dbname=test;charset=utf8
[ sql ] [ SQL ] SHOW COLUMNS FROM `en_hooks` [ RunTime:0.001412s ]
[ sql ] [ SQL ] SELECT `name`,`addons`,`modules` FROM `en_hooks` WHERE  `status` = 1 [ RunTime:0.000526s ]
---------------------------------------------------------------

[2020-10-28T08:43:03+08:00] 127.0.0.1 POST www.test.com/admin/index/login.html
[运行时间：0.275216s] [吞吐率：3.63req/s] [内存消耗：4,523.52kb] [文件加载：167]
[ info ] [ LANG ] E:\MyServer\www\test\thinkphp\lang\zh-cn.php
[ info ] [ DB ] INIT mysql
[ info ] [ ROUTE ] array (
)
[ info ] [ HEADER ] array (
  'host' => 'www.test.com',
  'connection' => 'keep-alive',
  'content-length' => '41',
  'accept' => 'application/json, text/javascript, */*; q=0.01',
  'origin' => 'http://www.test.com',
  'x-requested-with' => 'XMLHttpRequest',
  'user-agent' => 'Mozilla/5.0 (Windows NT 10.0; WOW64) AppleWebKit/537.36 (KHTML, like Gecko) Chrome/73.0.3683.75 Safari/537.36',
  'content-type' => 'application/x-www-form-urlencoded; charset=UTF-8',
  'referer' => 'http://www.test.com/admin/index/login.html',
  'accept-encoding' => 'gzip, deflate',
  'accept-language' => 'zh-CN,zh;q=0.9',
  'cookie' => 'thinkphp_show_page_trace=0|0; thinkphp_show_page_trace=0|0; PHPSESSID=q8sslcho7ji9a9rsebsli7b17s',
)
[ info ] [ PARAM ] array (
  '/admin/index/login_html' => '',
  'username' => 'admin',
  'password' => 'admin',
  'verify' => 'l4iu',
)
[ info ] [ DB ] INIT mysql
[ info ] [ DB ] INIT mysql
[ sql ] [ DB ] CONNECT:[ UseTime:0.009773s ] mysql:host=127.0.0.1;dbname=test;charset=utf8
[ sql ] [ SQL ] SHOW COLUMNS FROM `en_hooks` [ RunTime:0.001552s ]
[ sql ] [ SQL ] SELECT `name`,`addons`,`modules` FROM `en_hooks` WHERE  `status` = 1 [ RunTime:0.000535s ]
[ sql ] [ DB ] CONNECT:[ UseTime:0.014640s ] mysql:host=127.0.0.1;dbname=test;charset=utf8
[ sql ] [ SQL ] SHOW COLUMNS FROM `en_loginif` [ RunTime:0.003963s ]
[ sql ] [ SQL ] SELECT COUNT(*) AS tp_count FROM `en_loginif` WHERE  `ip` = '127.0.0.1' [ RunTime:0.027587s ]
[ sql ] [ SQL ] SHOW COLUMNS FROM `en_admin` [ RunTime:0.001434s ]
[ sql ] [ SQL ] SELECT * FROM `en_admin` WHERE  `username` = 'admin' LIMIT 1 [ RunTime:0.002063s ]
[ sql ] [ SQL ] UPDATE `en_admin`  SET `last_login_time` = 1603845783 , `last_login_ip` = '127.0.0.1'  WHERE  `id` = 1 [ RunTime:0.091193s ]
[ sql ] [ DB ] CONNECT:[ UseTime:0.012752s ] mysql:host=127.0.0.1;dbname=test;charset=utf8
[ sql ] [ SQL ] DELETE FROM `en_loginif` WHERE  `ip` = '127.0.0.1' [ RunTime:0.001433s ]
[ sql ] [ SQL ] SHOW COLUMNS FROM `en_adminlog` [ RunTime:0.005044s ]
[ sql ] [ SQL ] INSERT INTO `en_adminlog` (`uid` , `status` , `info` , `get` , `ip` , `create_time`) VALUES (1 , 1 , '提示语:恭喜您，登陆成功' , '/admin/index/login.html' , '127.0.0.1' , 1603845783) [ RunTime:0.035905s ]
---------------------------------------------------------------

[2020-10-28T08:43:04+08:00] 127.0.0.1 GET www.test.com/admin/index/index.html
[运行时间：0.275277s] [吞吐率：3.63req/s] [内存消耗：4,801.65kb] [文件加载：173]
[ info ] [ LANG ] E:\MyServer\www\test\thinkphp\lang\zh-cn.php
[ info ] [ DB ] INIT mysql
[ info ] [ ROUTE ] array (
)
[ info ] [ HEADER ] array (
  'host' => 'www.test.com',
  'connection' => 'keep-alive',
  'upgrade-insecure-requests' => '1',
  'user-agent' => 'Mozilla/5.0 (Windows NT 10.0; WOW64) AppleWebKit/537.36 (KHTML, like Gecko) Chrome/73.0.3683.75 Safari/537.36',
  'accept' => 'text/html,application/xhtml+xml,application/xml;q=0.9,image/webp,image/apng,*/*;q=0.8,application/signed-exchange;v=b3',
  'referer' => 'http://www.test.com/admin/index/login.html',
  'accept-encoding' => 'gzip, deflate',
  'accept-language' => 'zh-CN,zh;q=0.9',
  'cookie' => 'thinkphp_show_page_trace=0|0; thinkphp_show_page_trace=0|0; PHPSESSID=q8sslcho7ji9a9rsebsli7b17s',
)
[ info ] [ PARAM ] array (
  '/admin/index/index_html' => '',
)
[ info ] [ VIEW ] E:\MyServer\www\test\application\admin\view\index\index.html [ array (
  0 => 'userInfo',
  1 => 'SUBMENU_CONFIG',
) ]
[ sql ] [ DB ] CONNECT:[ UseTime:0.013227s ] mysql:host=127.0.0.1;dbname=test;charset=utf8
[ sql ] [ SQL ] SHOW COLUMNS FROM `en_hooks` [ RunTime:0.001896s ]
[ sql ] [ SQL ] SELECT `name`,`addons`,`modules` FROM `en_hooks` WHERE  `status` = 1 [ RunTime:0.000554s ]
[ sql ] [ SQL ] SHOW COLUMNS FROM `en_admin` [ RunTime:0.001131s ]
[ sql ] [ SQL ] SELECT * FROM `en_admin` WHERE  `id` = 1 LIMIT 1 [ RunTime:0.000721s ]
[ sql ] [ SQL ] SHOW COLUMNS FROM `en_menu` [ RunTime:0.001587s ]
[ sql ] [ SQL ] SELECT * FROM `en_menu` WHERE  `parentid` = 0  AND `status` = 1 ORDER BY `listorder` ASC,`id` ASC [ RunTime:0.008999s ]
[ sql ] [ SQL ] SELECT * FROM `en_menu` WHERE  `parentid` = 3  AND `status` = 1 ORDER BY `listorder` ASC,`id` ASC [ RunTime:0.000600s ]
[ sql ] [ SQL ] SELECT * FROM `en_menu` WHERE  `parentid` = 10  AND `status` = 1 ORDER BY `listorder` ASC,`id` ASC [ RunTime:0.000566s ]
[ sql ] [ SQL ] SELECT * FROM `en_menu` WHERE  `parentid` = 11  AND `status` = 1 ORDER BY `listorder` ASC,`id` ASC [ RunTime:0.000450s ]
[ sql ] [ SQL ] SELECT * FROM `en_menu` WHERE  `parentid` = 27  AND `status` = 1 ORDER BY `listorder` ASC,`id` ASC [ RunTime:0.000507s ]
[ sql ] [ SQL ] SELECT * FROM `en_menu` WHERE  `parentid` = 24  AND `status` = 1 ORDER BY `listorder` ASC,`id` ASC [ RunTime:0.000368s ]
[ sql ] [ SQL ] SELECT * FROM `en_menu` WHERE  `parentid` = 25  AND `status` = 1 ORDER BY `listorder` ASC,`id` ASC [ RunTime:0.000502s ]
[ sql ] [ SQL ] SELECT * FROM `en_menu` WHERE  `parentid` = 26  AND `status` = 1 ORDER BY `listorder` ASC,`id` ASC [ RunTime:0.000523s ]
[ sql ] [ SQL ] SELECT * FROM `en_menu` WHERE  `parentid` = 13  AND `status` = 1 ORDER BY `listorder` ASC,`id` ASC [ RunTime:0.000387s ]
[ sql ] [ SQL ] SELECT * FROM `en_menu` WHERE  `parentid` = 14  AND `status` = 1 ORDER BY `listorder` ASC,`id` ASC [ RunTime:0.000627s ]
[ sql ] [ SQL ] SELECT * FROM `en_menu` WHERE  `parentid` = 28  AND `status` = 1 ORDER BY `listorder` ASC,`id` ASC [ RunTime:0.000392s ]
[ sql ] [ SQL ] SELECT * FROM `en_menu` WHERE  `parentid` = 29  AND `status` = 1 ORDER BY `listorder` ASC,`id` ASC [ RunTime:0.000346s ]
[ sql ] [ SQL ] SELECT * FROM `en_menu` WHERE  `parentid` = 30  AND `status` = 1 ORDER BY `listorder` ASC,`id` ASC [ RunTime:0.000338s ]
[ sql ] [ SQL ] SELECT * FROM `en_menu` WHERE  `parentid` = 31  AND `status` = 1 ORDER BY `listorder` ASC,`id` ASC [ RunTime:0.000381s ]
[ sql ] [ SQL ] SELECT * FROM `en_menu` WHERE  `parentid` = 15  AND `status` = 1 ORDER BY `listorder` ASC,`id` ASC [ RunTime:0.000444s ]
[ sql ] [ SQL ] SELECT * FROM `en_menu` WHERE  `parentid` = 16  AND `status` = 1 ORDER BY `listorder` ASC,`id` ASC [ RunTime:0.000593s ]
[ sql ] [ SQL ] SELECT * FROM `en_menu` WHERE  `parentid` = 18  AND `status` = 1 ORDER BY `listorder` ASC,`id` ASC [ RunTime:0.000478s ]
[ sql ] [ SQL ] SELECT * FROM `en_menu` WHERE  `parentid` = 19  AND `status` = 1 ORDER BY `listorder` ASC,`id` ASC [ RunTime:0.000375s ]
[ sql ] [ SQL ] SELECT * FROM `en_menu` WHERE  `parentid` = 21  AND `status` = 1 ORDER BY `listorder` ASC,`id` ASC [ RunTime:0.000481s ]
[ sql ] [ SQL ] SELECT * FROM `en_menu` WHERE  `parentid` = 17  AND `status` = 1 ORDER BY `listorder` ASC,`id` ASC [ RunTime:0.000597s ]
[ sql ] [ SQL ] SELECT * FROM `en_menu` WHERE  `parentid` = 22  AND `status` = 1 ORDER BY `listorder` ASC,`id` ASC [ RunTime:0.000568s ]
[ sql ] [ SQL ] SELECT * FROM `en_menu` WHERE  `parentid` = 48  AND `status` = 1 ORDER BY `listorder` ASC,`id` ASC [ RunTime:0.000381s ]
[ sql ] [ SQL ] SELECT * FROM `en_menu` WHERE  `parentid` = 49  AND `status` = 1 ORDER BY `listorder` ASC,`id` ASC [ RunTime:0.000520s ]
[ sql ] [ SQL ] SELECT * FROM `en_menu` WHERE  `parentid` = 50  AND `status` = 1 ORDER BY `listorder` ASC,`id` ASC [ RunTime:0.000444s ]
[ sql ] [ SQL ] SELECT * FROM `en_menu` WHERE  `parentid` = 51  AND `status` = 1 ORDER BY `listorder` ASC,`id` ASC [ RunTime:0.000581s ]
[ sql ] [ SQL ] SELECT * FROM `en_menu` WHERE  `parentid` = 20  AND `status` = 1 ORDER BY `listorder` ASC,`id` ASC [ RunTime:0.000477s ]
[ sql ] [ SQL ] SELECT * FROM `en_menu` WHERE  `parentid` = 12  AND `status` = 1 ORDER BY `listorder` ASC,`id` ASC [ RunTime:0.000388s ]
[ sql ] [ SQL ] SELECT * FROM `en_menu` WHERE  `parentid` = 55  AND `status` = 1 ORDER BY `listorder` ASC,`id` ASC [ RunTime:0.000467s ]
[ sql ] [ SQL ] SELECT * FROM `en_menu` WHERE  `parentid` = 56  AND `status` = 1 ORDER BY `listorder` ASC,`id` ASC [ RunTime:0.000497s ]
[ sql ] [ SQL ] SELECT * FROM `en_menu` WHERE  `parentid` = 57  AND `status` = 1 ORDER BY `listorder` ASC,`id` ASC [ RunTime:0.000511s ]
[ sql ] [ SQL ] SELECT * FROM `en_menu` WHERE  `parentid` = 58  AND `status` = 1 ORDER BY `listorder` ASC,`id` ASC [ RunTime:0.000360s ]
[ sql ] [ SQL ] SELECT * FROM `en_menu` WHERE  `parentid` = 59  AND `status` = 1 ORDER BY `listorder` ASC,`id` ASC [ RunTime:0.000351s ]
[ sql ] [ SQL ] SELECT * FROM `en_menu` WHERE  `parentid` = 60  AND `status` = 1 ORDER BY `listorder` ASC,`id` ASC [ RunTime:0.000372s ]
[ sql ] [ SQL ] SELECT * FROM `en_menu` WHERE  `parentid` = 61  AND `status` = 1 ORDER BY `listorder` ASC,`id` ASC [ RunTime:0.000347s ]
[ sql ] [ SQL ] SELECT * FROM `en_menu` WHERE  `parentid` = 62  AND `status` = 1 ORDER BY `listorder` ASC,`id` ASC [ RunTime:0.000404s ]
[ sql ] [ SQL ] SELECT * FROM `en_menu` WHERE  `parentid` = 66  AND `status` = 1 ORDER BY `listorder` ASC,`id` ASC [ RunTime:0.000348s ]
[ sql ] [ SQL ] SELECT * FROM `en_menu` WHERE  `parentid` = 65  AND `status` = 1 ORDER BY `listorder` ASC,`id` ASC [ RunTime:0.000562s ]
[ sql ] [ SQL ] SELECT * FROM `en_menu` WHERE  `parentid` = 64  AND `status` = 1 ORDER BY `listorder` ASC,`id` ASC [ RunTime:0.000359s ]
---------------------------------------------------------------

[2020-10-28T08:43:05+08:00] 127.0.0.1 GET www.test.com/admin/main/index.html
[运行时间：0.103750s] [吞吐率：9.64req/s] [内存消耗：4,587.06kb] [文件加载：170]
[ info ] [ LANG ] E:\MyServer\www\test\thinkphp\lang\zh-cn.php
[ info ] [ DB ] INIT mysql
[ info ] [ ROUTE ] array (
)
[ info ] [ HEADER ] array (
  'host' => 'www.test.com',
  'connection' => 'keep-alive',
  'upgrade-insecure-requests' => '1',
  'user-agent' => 'Mozilla/5.0 (Windows NT 10.0; WOW64) AppleWebKit/537.36 (KHTML, like Gecko) Chrome/73.0.3683.75 Safari/537.36',
  'accept' => 'text/html,application/xhtml+xml,application/xml;q=0.9,image/webp,image/apng,*/*;q=0.8,application/signed-exchange;v=b3',
  'referer' => 'http://www.test.com/admin/index/index.html',
  'accept-encoding' => 'gzip, deflate',
  'accept-language' => 'zh-CN,zh;q=0.9',
  'cookie' => 'thinkphp_show_page_trace=0|0; PHPSESSID=q8sslcho7ji9a9rsebsli7b17s',
)
[ info ] [ PARAM ] array (
  '/admin/main/index_html' => '',
)
[ info ] [ VIEW ] E:\MyServer\www\test\application\admin\view\main\index.html [ array (
  0 => 'userInfo',
  1 => 'sys_info',
) ]
[ sql ] [ DB ] CONNECT:[ UseTime:0.023064s ] mysql:host=127.0.0.1;dbname=test;charset=utf8
[ sql ] [ SQL ] SHOW COLUMNS FROM `en_hooks` [ RunTime:0.001591s ]
[ sql ] [ SQL ] SELECT `name`,`addons`,`modules` FROM `en_hooks` WHERE  `status` = 1 [ RunTime:0.000689s ]
[ sql ] [ SQL ] SHOW COLUMNS FROM `en_admin` [ RunTime:0.001102s ]
[ sql ] [ SQL ] SELECT * FROM `en_admin` WHERE  `id` = 1 LIMIT 1 [ RunTime:0.000517s ]
[ sql ] [ SQL ] SELECT VERSION() as version [ RunTime:0.001176s ]
---------------------------------------------------------------

[2020-10-28T08:43:09+08:00] 127.0.0.1 GET www.test.com/admin/index/index.html
[运行时间：0.093776s] [吞吐率：10.66req/s] [内存消耗：4,764.34kb] [文件加载：173]
[ info ] [ LANG ] E:\MyServer\www\test\thinkphp\lang\zh-cn.php
[ info ] [ DB ] INIT mysql
[ info ] [ ROUTE ] array (
)
[ info ] [ HEADER ] array (
  'host' => 'www.test.com',
  'connection' => 'keep-alive',
  'cache-control' => 'max-age=0',
  'upgrade-insecure-requests' => '1',
  'user-agent' => 'Mozilla/5.0 (Windows NT 10.0; WOW64) AppleWebKit/537.36 (KHTML, like Gecko) Chrome/73.0.3683.75 Safari/537.36',
  'accept' => 'text/html,application/xhtml+xml,application/xml;q=0.9,image/webp,image/apng,*/*;q=0.8,application/signed-exchange;v=b3',
  'referer' => 'http://www.test.com/admin/index/login.html',
  'accept-encoding' => 'gzip, deflate',
  'accept-language' => 'zh-CN,zh;q=0.9',
  'cookie' => 'thinkphp_show_page_trace=0|0; thinkphp_show_page_trace=0|0; PHPSESSID=q8sslcho7ji9a9rsebsli7b17s',
)
[ info ] [ PARAM ] array (
  '/admin/index/index_html' => '',
)
[ info ] [ VIEW ] E:\MyServer\www\test\application\admin\view\index\index.html [ array (
  0 => 'userInfo',
  1 => 'SUBMENU_CONFIG',
) ]
[ sql ] [ DB ] CONNECT:[ UseTime:0.024532s ] mysql:host=127.0.0.1;dbname=test;charset=utf8
[ sql ] [ SQL ] SHOW COLUMNS FROM `en_hooks` [ RunTime:0.001643s ]
[ sql ] [ SQL ] SELECT `name`,`addons`,`modules` FROM `en_hooks` WHERE  `status` = 1 [ RunTime:0.000643s ]
[ sql ] [ SQL ] SHOW COLUMNS FROM `en_admin` [ RunTime:0.001115s ]
[ sql ] [ SQL ] SELECT * FROM `en_admin` WHERE  `id` = 1 LIMIT 1 [ RunTime:0.000502s ]
---------------------------------------------------------------

[2020-10-28T08:43:10+08:00] 127.0.0.1 GET www.test.com/admin/main/index.html
[运行时间：0.072855s] [吞吐率：13.73req/s] [内存消耗：4,587.22kb] [文件加载：170]
[ info ] [ LANG ] E:\MyServer\www\test\thinkphp\lang\zh-cn.php
[ info ] [ DB ] INIT mysql
[ info ] [ ROUTE ] array (
)
[ info ] [ HEADER ] array (
  'host' => 'www.test.com',
  'connection' => 'keep-alive',
  'upgrade-insecure-requests' => '1',
  'user-agent' => 'Mozilla/5.0 (Windows NT 10.0; WOW64) AppleWebKit/537.36 (KHTML, like Gecko) Chrome/73.0.3683.75 Safari/537.36',
  'accept' => 'text/html,application/xhtml+xml,application/xml;q=0.9,image/webp,image/apng,*/*;q=0.8,application/signed-exchange;v=b3',
  'referer' => 'http://www.test.com/admin/index/index.html',
  'accept-encoding' => 'gzip, deflate',
  'accept-language' => 'zh-CN,zh;q=0.9',
  'cookie' => 'thinkphp_show_page_trace=0|0; thinkphp_show_page_trace=0|0; PHPSESSID=q8sslcho7ji9a9rsebsli7b17s',
)
[ info ] [ PARAM ] array (
  '/admin/main/index_html' => '',
)
[ info ] [ VIEW ] E:\MyServer\www\test\application\admin\view\main\index.html [ array (
  0 => 'userInfo',
  1 => 'sys_info',
) ]
[ sql ] [ DB ] CONNECT:[ UseTime:0.020736s ] mysql:host=127.0.0.1;dbname=test;charset=utf8
[ sql ] [ SQL ] SHOW COLUMNS FROM `en_hooks` [ RunTime:0.001572s ]
[ sql ] [ SQL ] SELECT `name`,`addons`,`modules` FROM `en_hooks` WHERE  `status` = 1 [ RunTime:0.000590s ]
[ sql ] [ SQL ] SHOW COLUMNS FROM `en_admin` [ RunTime:0.001145s ]
[ sql ] [ SQL ] SELECT * FROM `en_admin` WHERE  `id` = 1 LIMIT 1 [ RunTime:0.000510s ]
[ sql ] [ SQL ] SELECT VERSION() as version [ RunTime:0.000341s ]
---------------------------------------------------------------

[2020-10-28T08:48:03+08:00] 127.0.0.1 GET www.test.com/admin/index/index.html
[运行时间：0.115291s] [吞吐率：8.67req/s] [内存消耗：4,801.98kb] [文件加载：173]
[ info ] [ LANG ] E:\MyServer\www\test\thinkphp\lang\zh-cn.php
[ info ] [ DB ] INIT mysql
[ info ] [ ROUTE ] array (
)
[ info ] [ HEADER ] array (
  'host' => 'www.test.com',
  'connection' => 'keep-alive',
  'cache-control' => 'max-age=0',
  'upgrade-insecure-requests' => '1',
  'user-agent' => 'Mozilla/5.0 (Windows NT 10.0; WOW64) AppleWebKit/537.36 (KHTML, like Gecko) Chrome/73.0.3683.75 Safari/537.36',
  'accept' => 'text/html,application/xhtml+xml,application/xml;q=0.9,image/webp,image/apng,*/*;q=0.8,application/signed-exchange;v=b3',
  'referer' => 'http://www.test.com/admin/index/login.html',
  'accept-encoding' => 'gzip, deflate',
  'accept-language' => 'zh-CN,zh;q=0.9',
  'cookie' => 'thinkphp_show_page_trace=0|0; thinkphp_show_page_trace=0|0; PHPSESSID=q8sslcho7ji9a9rsebsli7b17s',
)
[ info ] [ PARAM ] array (
  '/admin/index/index_html' => '',
)
[ info ] [ VIEW ] E:\MyServer\www\test\application\admin\view\index\index.html [ array (
  0 => 'userInfo',
  1 => 'SUBMENU_CONFIG',
) ]
[ sql ] [ DB ] CONNECT:[ UseTime:0.014250s ] mysql:host=127.0.0.1;dbname=test;charset=utf8
[ sql ] [ SQL ] SHOW COLUMNS FROM `en_hooks` [ RunTime:0.001609s ]
[ sql ] [ SQL ] SELECT `name`,`addons`,`modules` FROM `en_hooks` WHERE  `status` = 1 [ RunTime:0.000558s ]
[ sql ] [ SQL ] SHOW COLUMNS FROM `en_admin` [ RunTime:0.001131s ]
[ sql ] [ SQL ] SELECT * FROM `en_admin` WHERE  `id` = 1 LIMIT 1 [ RunTime:0.000516s ]
[ sql ] [ SQL ] SHOW COLUMNS FROM `en_menu` [ RunTime:0.000927s ]
[ sql ] [ SQL ] SELECT * FROM `en_menu` WHERE  `parentid` = 0  AND `status` = 1 ORDER BY `listorder` ASC,`id` ASC [ RunTime:0.000544s ]
[ sql ] [ SQL ] SELECT * FROM `en_menu` WHERE  `parentid` = 3  AND `status` = 1 ORDER BY `listorder` ASC,`id` ASC [ RunTime:0.000549s ]
[ sql ] [ SQL ] SELECT * FROM `en_menu` WHERE  `parentid` = 10  AND `status` = 1 ORDER BY `listorder` ASC,`id` ASC [ RunTime:0.000463s ]
[ sql ] [ SQL ] SELECT * FROM `en_menu` WHERE  `parentid` = 11  AND `status` = 1 ORDER BY `listorder` ASC,`id` ASC [ RunTime:0.000401s ]
[ sql ] [ SQL ] SELECT * FROM `en_menu` WHERE  `parentid` = 27  AND `status` = 1 ORDER BY `listorder` ASC,`id` ASC [ RunTime:0.000339s ]
[ sql ] [ SQL ] SELECT * FROM `en_menu` WHERE  `parentid` = 24  AND `status` = 1 ORDER BY `listorder` ASC,`id` ASC [ RunTime:0.000314s ]
[ sql ] [ SQL ] SELECT * FROM `en_menu` WHERE  `parentid` = 25  AND `status` = 1 ORDER BY `listorder` ASC,`id` ASC [ RunTime:0.000316s ]
[ sql ] [ SQL ] SELECT * FROM `en_menu` WHERE  `parentid` = 26  AND `status` = 1 ORDER BY `listorder` ASC,`id` ASC [ RunTime:0.000272s ]
[ sql ] [ SQL ] SELECT * FROM `en_menu` WHERE  `parentid` = 13  AND `status` = 1 ORDER BY `listorder` ASC,`id` ASC [ RunTime:0.000271s ]
[ sql ] [ SQL ] SELECT * FROM `en_menu` WHERE  `parentid` = 14  AND `status` = 1 ORDER BY `listorder` ASC,`id` ASC [ RunTime:0.000307s ]
[ sql ] [ SQL ] SELECT * FROM `en_menu` WHERE  `parentid` = 28  AND `status` = 1 ORDER BY `listorder` ASC,`id` ASC [ RunTime:0.000278s ]
[ sql ] [ SQL ] SELECT * FROM `en_menu` WHERE  `parentid` = 29  AND `status` = 1 ORDER BY `listorder` ASC,`id` ASC [ RunTime:0.000277s ]
[ sql ] [ SQL ] SELECT * FROM `en_menu` WHERE  `parentid` = 30  AND `status` = 1 ORDER BY `listorder` ASC,`id` ASC [ RunTime:0.000273s ]
[ sql ] [ SQL ] SELECT * FROM `en_menu` WHERE  `parentid` = 31  AND `status` = 1 ORDER BY `listorder` ASC,`id` ASC [ RunTime:0.000277s ]
[ sql ] [ SQL ] SELECT * FROM `en_menu` WHERE  `parentid` = 15  AND `status` = 1 ORDER BY `listorder` ASC,`id` ASC [ RunTime:0.000304s ]
[ sql ] [ SQL ] SELECT * FROM `en_menu` WHERE  `parentid` = 16  AND `status` = 1 ORDER BY `listorder` ASC,`id` ASC [ RunTime:0.000305s ]
[ sql ] [ SQL ] SELECT * FROM `en_menu` WHERE  `parentid` = 18  AND `status` = 1 ORDER BY `listorder` ASC,`id` ASC [ RunTime:0.000274s ]
[ sql ] [ SQL ] SELECT * FROM `en_menu` WHERE  `parentid` = 19  AND `status` = 1 ORDER BY `listorder` ASC,`id` ASC [ RunTime:0.000382s ]
[ sql ] [ SQL ] SELECT * FROM `en_menu` WHERE  `parentid` = 21  AND `status` = 1 ORDER BY `listorder` ASC,`id` ASC [ RunTime:0.000370s ]
[ sql ] [ SQL ] SELECT * FROM `en_menu` WHERE  `parentid` = 17  AND `status` = 1 ORDER BY `listorder` ASC,`id` ASC [ RunTime:0.000289s ]
[ sql ] [ SQL ] SELECT * FROM `en_menu` WHERE  `parentid` = 22  AND `status` = 1 ORDER BY `listorder` ASC,`id` ASC [ RunTime:0.000281s ]
[ sql ] [ SQL ] SELECT * FROM `en_menu` WHERE  `parentid` = 48  AND `status` = 1 ORDER BY `listorder` ASC,`id` ASC [ RunTime:0.000276s ]
[ sql ] [ SQL ] SELECT * FROM `en_menu` WHERE  `parentid` = 49  AND `status` = 1 ORDER BY `listorder` ASC,`id` ASC [ RunTime:0.000274s ]
[ sql ] [ SQL ] SELECT * FROM `en_menu` WHERE  `parentid` = 50  AND `status` = 1 ORDER BY `listorder` ASC,`id` ASC [ RunTime:0.000270s ]
[ sql ] [ SQL ] SELECT * FROM `en_menu` WHERE  `parentid` = 51  AND `status` = 1 ORDER BY `listorder` ASC,`id` ASC [ RunTime:0.000223s ]
[ sql ] [ SQL ] SELECT * FROM `en_menu` WHERE  `parentid` = 20  AND `status` = 1 ORDER BY `listorder` ASC,`id` ASC [ RunTime:0.000202s ]
[ sql ] [ SQL ] SELECT * FROM `en_menu` WHERE  `parentid` = 12  AND `status` = 1 ORDER BY `listorder` ASC,`id` ASC [ RunTime:0.000234s ]
[ sql ] [ SQL ] SELECT * FROM `en_menu` WHERE  `parentid` = 55  AND `status` = 1 ORDER BY `listorder` ASC,`id` ASC [ RunTime:0.000422s ]
[ sql ] [ SQL ] SELECT * FROM `en_menu` WHERE  `parentid` = 56  AND `status` = 1 ORDER BY `listorder` ASC,`id` ASC [ RunTime:0.000458s ]
[ sql ] [ SQL ] SELECT * FROM `en_menu` WHERE  `parentid` = 57  AND `status` = 1 ORDER BY `listorder` ASC,`id` ASC [ RunTime:0.000200s ]
[ sql ] [ SQL ] SELECT * FROM `en_menu` WHERE  `parentid` = 58  AND `status` = 1 ORDER BY `listorder` ASC,`id` ASC [ RunTime:0.000182s ]
[ sql ] [ SQL ] SELECT * FROM `en_menu` WHERE  `parentid` = 59  AND `status` = 1 ORDER BY `listorder` ASC,`id` ASC [ RunTime:0.000269s ]
[ sql ] [ SQL ] SELECT * FROM `en_menu` WHERE  `parentid` = 60  AND `status` = 1 ORDER BY `listorder` ASC,`id` ASC [ RunTime:0.000359s ]
[ sql ] [ SQL ] SELECT * FROM `en_menu` WHERE  `parentid` = 61  AND `status` = 1 ORDER BY `listorder` ASC,`id` ASC [ RunTime:0.000508s ]
[ sql ] [ SQL ] SELECT * FROM `en_menu` WHERE  `parentid` = 62  AND `status` = 1 ORDER BY `listorder` ASC,`id` ASC [ RunTime:0.000240s ]
[ sql ] [ SQL ] SELECT * FROM `en_menu` WHERE  `parentid` = 66  AND `status` = 1 ORDER BY `listorder` ASC,`id` ASC [ RunTime:0.000186s ]
[ sql ] [ SQL ] SELECT * FROM `en_menu` WHERE  `parentid` = 65  AND `status` = 1 ORDER BY `listorder` ASC,`id` ASC [ RunTime:0.000220s ]
[ sql ] [ SQL ] SELECT * FROM `en_menu` WHERE  `parentid` = 64  AND `status` = 1 ORDER BY `listorder` ASC,`id` ASC [ RunTime:0.000179s ]
---------------------------------------------------------------

[2020-10-28T08:48:03+08:00] 127.0.0.1 GET www.test.com/admin/main/index.html
[运行时间：0.073118s] [吞吐率：13.68req/s] [内存消耗：4,587.22kb] [文件加载：170]
[ info ] [ LANG ] E:\MyServer\www\test\thinkphp\lang\zh-cn.php
[ info ] [ DB ] INIT mysql
[ info ] [ ROUTE ] array (
)
[ info ] [ HEADER ] array (
  'host' => 'www.test.com',
  'connection' => 'keep-alive',
  'upgrade-insecure-requests' => '1',
  'user-agent' => 'Mozilla/5.0 (Windows NT 10.0; WOW64) AppleWebKit/537.36 (KHTML, like Gecko) Chrome/73.0.3683.75 Safari/537.36',
  'accept' => 'text/html,application/xhtml+xml,application/xml;q=0.9,image/webp,image/apng,*/*;q=0.8,application/signed-exchange;v=b3',
  'referer' => 'http://www.test.com/admin/index/index.html',
  'accept-encoding' => 'gzip, deflate',
  'accept-language' => 'zh-CN,zh;q=0.9',
  'cookie' => 'thinkphp_show_page_trace=0|0; thinkphp_show_page_trace=0|0; PHPSESSID=q8sslcho7ji9a9rsebsli7b17s',
)
[ info ] [ PARAM ] array (
  '/admin/main/index_html' => '',
)
[ info ] [ VIEW ] E:\MyServer\www\test\application\admin\view\main\index.html [ array (
  0 => 'userInfo',
  1 => 'sys_info',
) ]
[ sql ] [ DB ] CONNECT:[ UseTime:0.017670s ] mysql:host=127.0.0.1;dbname=test;charset=utf8
[ sql ] [ SQL ] SHOW COLUMNS FROM `en_hooks` [ RunTime:0.001449s ]
[ sql ] [ SQL ] SELECT `name`,`addons`,`modules` FROM `en_hooks` WHERE  `status` = 1 [ RunTime:0.000469s ]
[ sql ] [ SQL ] SHOW COLUMNS FROM `en_admin` [ RunTime:0.001305s ]
[ sql ] [ SQL ] SELECT * FROM `en_admin` WHERE  `id` = 1 LIMIT 1 [ RunTime:0.000599s ]
[ sql ] [ SQL ] SELECT VERSION() as version [ RunTime:0.000245s ]
---------------------------------------------------------------

[2020-10-28T08:48:16+08:00] 127.0.0.1 GET www.test.com/admin/infoclass/index/menuid/57.html
[运行时间：0.088926s] [吞吐率：11.25req/s] [内存消耗：4,613.70kb] [文件加载：171]
[ info ] [ LANG ] E:\MyServer\www\test\thinkphp\lang\zh-cn.php
[ info ] [ DB ] INIT mysql
[ info ] [ ROUTE ] array (
)
[ info ] [ HEADER ] array (
  'host' => 'www.test.com',
  'connection' => 'keep-alive',
  'upgrade-insecure-requests' => '1',
  'user-agent' => 'Mozilla/5.0 (Windows NT 10.0; WOW64) AppleWebKit/537.36 (KHTML, like Gecko) Chrome/73.0.3683.75 Safari/537.36',
  'accept' => 'text/html,application/xhtml+xml,application/xml;q=0.9,image/webp,image/apng,*/*;q=0.8,application/signed-exchange;v=b3',
  'referer' => 'http://www.test.com/admin/index/index.html',
  'accept-encoding' => 'gzip, deflate',
  'accept-language' => 'zh-CN,zh;q=0.9',
  'cookie' => 'thinkphp_show_page_trace=0|0; PHPSESSID=q8sslcho7ji9a9rsebsli7b17s',
)
[ info ] [ PARAM ] array (
  '/admin/infoclass/index/menuid/57_html' => '',
  'menuid' => '57',
)
[ info ] [ VIEW ] E:\MyServer\www\test\application\admin\view\infoclass\index.html [ array (
) ]
[ sql ] [ DB ] CONNECT:[ UseTime:0.011452s ] mysql:host=127.0.0.1;dbname=test;charset=utf8
[ sql ] [ SQL ] SHOW COLUMNS FROM `en_hooks` [ RunTime:0.001605s ]
[ sql ] [ SQL ] SELECT `name`,`addons`,`modules` FROM `en_hooks` WHERE  `status` = 1 [ RunTime:0.000542s ]
[ sql ] [ SQL ] SHOW COLUMNS FROM `en_admin` [ RunTime:0.001226s ]
[ sql ] [ SQL ] SELECT * FROM `en_admin` WHERE  `id` = 1 LIMIT 1 [ RunTime:0.000608s ]
---------------------------------------------------------------

[2020-10-28T08:48:16+08:00] 127.0.0.1 POST www.test.com/admin/infoclass/index.html
[运行时间：0.131621s] [吞吐率：7.60req/s] [内存消耗：4,359.52kb] [文件加载：165]
[ info ] [ LANG ] E:\MyServer\www\test\thinkphp\lang\zh-cn.php
[ info ] [ DB ] INIT mysql
[ info ] [ ROUTE ] array (
)
[ info ] [ HEADER ] array (
  'host' => 'www.test.com',
  'connection' => 'keep-alive',
  'content-length' => '46',
  'accept' => 'application/json, text/javascript, */*; q=0.01',
  'origin' => 'http://www.test.com',
  'x-requested-with' => 'XMLHttpRequest',
  'user-agent' => 'Mozilla/5.0 (Windows NT 10.0; WOW64) AppleWebKit/537.36 (KHTML, like Gecko) Chrome/73.0.3683.75 Safari/537.36',
  'content-type' => 'application/x-www-form-urlencoded; charset=UTF-8',
  'referer' => 'http://www.test.com/admin/infoclass/index/menuid/57.html',
  'accept-encoding' => 'gzip, deflate',
  'accept-language' => 'zh-CN,zh;q=0.9',
  'cookie' => 'thinkphp_show_page_trace=0|0; PHPSESSID=q8sslcho7ji9a9rsebsli7b17s',
)
[ info ] [ PARAM ] array (
  '/admin/infoclass/index_html' => '',
  'page' => '1',
  'limit' => '10',
  'filterRules' => '[]',
  'sort' => '[]',
)
[ sql ] [ DB ] CONNECT:[ UseTime:0.018691s ] mysql:host=127.0.0.1;dbname=test;charset=utf8
[ sql ] [ SQL ] SHOW COLUMNS FROM `en_hooks` [ RunTime:0.001739s ]
[ sql ] [ SQL ] SELECT `name`,`addons`,`modules` FROM `en_hooks` WHERE  `status` = 1 [ RunTime:0.000688s ]
[ sql ] [ SQL ] SHOW COLUMNS FROM `en_admin` [ RunTime:0.001297s ]
[ sql ] [ SQL ] SELECT * FROM `en_admin` WHERE  `id` = 1 LIMIT 1 [ RunTime:0.000524s ]
[ sql ] [ SQL ] SHOW COLUMNS FROM `en_infoclass` [ RunTime:0.027799s ]
[ sql ] [ SQL ] SELECT * FROM `en_infoclass` ORDER BY `orderid` ASC [ RunTime:0.038948s ]
[ sql ] [ SQL ] SELECT * FROM `en_infoclass` [ RunTime:0.000404s ]
---------------------------------------------------------------

[2020-10-28T08:48:22+08:00] 127.0.0.1 GET www.test.com/admin/info/index/menuid/58.html
[运行时间：0.170864s] [吞吐率：5.85req/s] [内存消耗：4,560.73kb] [文件加载：170]
[ info ] [ LANG ] E:\MyServer\www\test\thinkphp\lang\zh-cn.php
[ info ] [ DB ] INIT mysql
[ info ] [ ROUTE ] array (
)
[ info ] [ HEADER ] array (
  'host' => 'www.test.com',
  'connection' => 'keep-alive',
  'upgrade-insecure-requests' => '1',
  'user-agent' => 'Mozilla/5.0 (Windows NT 10.0; WOW64) AppleWebKit/537.36 (KHTML, like Gecko) Chrome/73.0.3683.75 Safari/537.36',
  'accept' => 'text/html,application/xhtml+xml,application/xml;q=0.9,image/webp,image/apng,*/*;q=0.8,application/signed-exchange;v=b3',
  'referer' => 'http://www.test.com/admin/index/index.html',
  'accept-encoding' => 'gzip, deflate',
  'accept-language' => 'zh-CN,zh;q=0.9',
  'cookie' => 'thinkphp_show_page_trace=0|0; PHPSESSID=q8sslcho7ji9a9rsebsli7b17s',
)
[ info ] [ PARAM ] array (
  '/admin/info/index/menuid/58_html' => '',
  'menuid' => '58',
)
[ info ] [ VIEW ] E:\MyServer\www\test\application\admin\view\info\index.html [ array (
) ]
[ sql ] [ DB ] CONNECT:[ UseTime:0.014317s ] mysql:host=127.0.0.1;dbname=test;charset=utf8
[ sql ] [ SQL ] SHOW COLUMNS FROM `en_hooks` [ RunTime:0.001537s ]
[ sql ] [ SQL ] SELECT `name`,`addons`,`modules` FROM `en_hooks` WHERE  `status` = 1 [ RunTime:0.000423s ]
[ sql ] [ SQL ] SHOW COLUMNS FROM `en_admin` [ RunTime:0.002243s ]
[ sql ] [ SQL ] SELECT * FROM `en_admin` WHERE  `id` = 1 LIMIT 1 [ RunTime:0.000949s ]
---------------------------------------------------------------

[2020-10-28T08:48:22+08:00] 127.0.0.1 GET www.test.com/admin/info/index.html?page=1&limit=10
[运行时间：0.096444s] [吞吐率：10.37req/s] [内存消耗：4,344.48kb] [文件加载：165]
[ info ] [ LANG ] E:\MyServer\www\test\thinkphp\lang\zh-cn.php
[ info ] [ DB ] INIT mysql
[ info ] [ ROUTE ] array (
)
[ info ] [ HEADER ] array (
  'host' => 'www.test.com',
  'connection' => 'keep-alive',
  'accept' => 'application/json, text/javascript, */*; q=0.01',
  'x-requested-with' => 'XMLHttpRequest',
  'user-agent' => 'Mozilla/5.0 (Windows NT 10.0; WOW64) AppleWebKit/537.36 (KHTML, like Gecko) Chrome/73.0.3683.75 Safari/537.36',
  'referer' => 'http://www.test.com/admin/info/index/menuid/58.html',
  'accept-encoding' => 'gzip, deflate',
  'accept-language' => 'zh-CN,zh;q=0.9',
  'cookie' => 'thinkphp_show_page_trace=0|0; PHPSESSID=q8sslcho7ji9a9rsebsli7b17s',
)
[ info ] [ PARAM ] array (
  '/admin/info/index_html' => '',
  'page' => '1',
  'limit' => '10',
)
[ sql ] [ DB ] CONNECT:[ UseTime:0.015426s ] mysql:host=127.0.0.1;dbname=test;charset=utf8
[ sql ] [ SQL ] SHOW COLUMNS FROM `en_hooks` [ RunTime:0.001134s ]
[ sql ] [ SQL ] SELECT `name`,`addons`,`modules` FROM `en_hooks` WHERE  `status` = 1 [ RunTime:0.000407s ]
[ sql ] [ SQL ] SHOW COLUMNS FROM `en_admin` [ RunTime:0.001043s ]
[ sql ] [ SQL ] SELECT * FROM `en_admin` WHERE  `id` = 1 LIMIT 1 [ RunTime:0.000461s ]
[ sql ] [ SQL ] SHOW COLUMNS FROM `en_info` [ RunTime:0.002146s ]
[ sql ] [ SQL ] SELECT `a`.`id`,`b`.`classname`,`a`.`posttime`,`a`.`classid` FROM `en_info` `a` INNER JOIN `en_infoclass` `b` ON `a`.`classid`=`b`.`id` LIMIT 0,10 [ RunTime:0.014152s ]
[ sql ] [ SQL ] SELECT * FROM `en_info` [ RunTime:0.000482s ]
---------------------------------------------------------------

[2020-10-28T08:48:29+08:00] 127.0.0.1 GET www.test.com/admin/infolist/index/menuid/59.html
[运行时间：0.145584s] [吞吐率：6.87req/s] [内存消耗：4,610.07kb] [文件加载：170]
[ info ] [ LANG ] E:\MyServer\www\test\thinkphp\lang\zh-cn.php
[ info ] [ DB ] INIT mysql
[ info ] [ ROUTE ] array (
)
[ info ] [ HEADER ] array (
  'host' => 'www.test.com',
  'connection' => 'keep-alive',
  'upgrade-insecure-requests' => '1',
  'user-agent' => 'Mozilla/5.0 (Windows NT 10.0; WOW64) AppleWebKit/537.36 (KHTML, like Gecko) Chrome/73.0.3683.75 Safari/537.36',
  'accept' => 'text/html,application/xhtml+xml,application/xml;q=0.9,image/webp,image/apng,*/*;q=0.8,application/signed-exchange;v=b3',
  'referer' => 'http://www.test.com/admin/index/index.html',
  'accept-encoding' => 'gzip, deflate',
  'accept-language' => 'zh-CN,zh;q=0.9',
  'cookie' => 'thinkphp_show_page_trace=0|0; PHPSESSID=q8sslcho7ji9a9rsebsli7b17s',
)
[ info ] [ PARAM ] array (
  '/admin/infolist/index/menuid/59_html' => '',
  'menuid' => '59',
)
[ info ] [ VIEW ] E:\MyServer\www\test\application\admin\view\infolist\index.html [ array (
) ]
[ sql ] [ DB ] CONNECT:[ UseTime:0.025773s ] mysql:host=127.0.0.1;dbname=test;charset=utf8
[ sql ] [ SQL ] SHOW COLUMNS FROM `en_hooks` [ RunTime:0.001188s ]
[ sql ] [ SQL ] SELECT `name`,`addons`,`modules` FROM `en_hooks` WHERE  `status` = 1 [ RunTime:0.000455s ]
[ sql ] [ SQL ] SHOW COLUMNS FROM `en_admin` [ RunTime:0.001233s ]
[ sql ] [ SQL ] SELECT * FROM `en_admin` WHERE  `id` = 1 LIMIT 1 [ RunTime:0.000578s ]
---------------------------------------------------------------

[2020-10-28T08:48:29+08:00] 127.0.0.1 GET www.test.com/admin/infolist/index.html?page=1&limit=10
[运行时间：0.079701s] [吞吐率：12.55req/s] [内存消耗：4,588.14kb] [文件加载：165]
[ info ] [ LANG ] E:\MyServer\www\test\thinkphp\lang\zh-cn.php
[ info ] [ DB ] INIT mysql
[ info ] [ ROUTE ] array (
)
[ info ] [ HEADER ] array (
  'host' => 'www.test.com',
  'connection' => 'keep-alive',
  'accept' => 'application/json, text/javascript, */*; q=0.01',
  'x-requested-with' => 'XMLHttpRequest',
  'user-agent' => 'Mozilla/5.0 (Windows NT 10.0; WOW64) AppleWebKit/537.36 (KHTML, like Gecko) Chrome/73.0.3683.75 Safari/537.36',
  'referer' => 'http://www.test.com/admin/infolist/index/menuid/59.html',
  'accept-encoding' => 'gzip, deflate',
  'accept-language' => 'zh-CN,zh;q=0.9',
  'cookie' => 'thinkphp_show_page_trace=0|0; PHPSESSID=q8sslcho7ji9a9rsebsli7b17s',
)
[ info ] [ PARAM ] array (
  '/admin/infolist/index_html' => '',
  'page' => '1',
  'limit' => '10',
)
[ sql ] [ DB ] CONNECT:[ UseTime:0.011269s ] mysql:host=127.0.0.1;dbname=test;charset=utf8
[ sql ] [ SQL ] SHOW COLUMNS FROM `en_hooks` [ RunTime:0.002410s ]
[ sql ] [ SQL ] SELECT `name`,`addons`,`modules` FROM `en_hooks` WHERE  `status` = 1 [ RunTime:0.000419s ]
[ sql ] [ SQL ] SHOW COLUMNS FROM `en_admin` [ RunTime:0.001073s ]
[ sql ] [ SQL ] SELECT * FROM `en_admin` WHERE  `id` = 1 LIMIT 1 [ RunTime:0.000485s ]
[ sql ] [ SQL ] SHOW COLUMNS FROM `en_infolist` [ RunTime:0.003286s ]
[ sql ] [ SQL ] SELECT `a`.*,`b`.`classname` FROM `en_infolist` `a` INNER JOIN `en_infoclass` `b` ON `a`.`classid`=`b`.`id` ORDER BY `a`.`orderid` DESC,`a`.`classid` DESC LIMIT 0,10 [ RunTime:0.014612s ]
[ sql ] [ SQL ] SELECT * FROM `en_infolist` [ RunTime:0.000559s ]
---------------------------------------------------------------

[2020-10-28T08:49:01+08:00] 127.0.0.1 GET www.test.com/admin/infoimg/index/menuid/60.html
[运行时间：0.140838s] [吞吐率：7.10req/s] [内存消耗：4,612.05kb] [文件加载：170]
[ info ] [ LANG ] E:\MyServer\www\test\thinkphp\lang\zh-cn.php
[ info ] [ DB ] INIT mysql
[ info ] [ ROUTE ] array (
)
[ info ] [ HEADER ] array (
  'host' => 'www.test.com',
  'connection' => 'keep-alive',
  'upgrade-insecure-requests' => '1',
  'user-agent' => 'Mozilla/5.0 (Windows NT 10.0; WOW64) AppleWebKit/537.36 (KHTML, like Gecko) Chrome/73.0.3683.75 Safari/537.36',
  'accept' => 'text/html,application/xhtml+xml,application/xml;q=0.9,image/webp,image/apng,*/*;q=0.8,application/signed-exchange;v=b3',
  'referer' => 'http://www.test.com/admin/index/index.html',
  'accept-encoding' => 'gzip, deflate',
  'accept-language' => 'zh-CN,zh;q=0.9',
  'cookie' => 'thinkphp_show_page_trace=0|0; PHPSESSID=q8sslcho7ji9a9rsebsli7b17s',
)
[ info ] [ PARAM ] array (
  '/admin/infoimg/index/menuid/60_html' => '',
  'menuid' => '60',
)
[ info ] [ VIEW ] E:\MyServer\www\test\application\admin\view\infoimg\index.html [ array (
) ]
[ sql ] [ DB ] CONNECT:[ UseTime:0.013894s ] mysql:host=127.0.0.1;dbname=test;charset=utf8
[ sql ] [ SQL ] SHOW COLUMNS FROM `en_hooks` [ RunTime:0.001334s ]
[ sql ] [ SQL ] SELECT `name`,`addons`,`modules` FROM `en_hooks` WHERE  `status` = 1 [ RunTime:0.000413s ]
[ sql ] [ SQL ] SHOW COLUMNS FROM `en_admin` [ RunTime:0.001126s ]
[ sql ] [ SQL ] SELECT * FROM `en_admin` WHERE  `id` = 1 LIMIT 1 [ RunTime:0.000526s ]
---------------------------------------------------------------

[2020-10-28T08:49:01+08:00] 127.0.0.1 GET www.test.com/admin/infoimg/index.html?page=1&limit=10
[运行时间：0.102589s] [吞吐率：9.75req/s] [内存消耗：4,394.76kb] [文件加载：165]
[ info ] [ LANG ] E:\MyServer\www\test\thinkphp\lang\zh-cn.php
[ info ] [ DB ] INIT mysql
[ info ] [ ROUTE ] array (
)
[ info ] [ HEADER ] array (
  'host' => 'www.test.com',
  'connection' => 'keep-alive',
  'accept' => 'application/json, text/javascript, */*; q=0.01',
  'x-requested-with' => 'XMLHttpRequest',
  'user-agent' => 'Mozilla/5.0 (Windows NT 10.0; WOW64) AppleWebKit/537.36 (KHTML, like Gecko) Chrome/73.0.3683.75 Safari/537.36',
  'referer' => 'http://www.test.com/admin/infoimg/index/menuid/60.html',
  'accept-encoding' => 'gzip, deflate',
  'accept-language' => 'zh-CN,zh;q=0.9',
  'cookie' => 'thinkphp_show_page_trace=0|0; PHPSESSID=q8sslcho7ji9a9rsebsli7b17s',
)
[ info ] [ PARAM ] array (
  '/admin/infoimg/index_html' => '',
  'page' => '1',
  'limit' => '10',
)
[ sql ] [ DB ] CONNECT:[ UseTime:0.018131s ] mysql:host=127.0.0.1;dbname=test;charset=utf8
[ sql ] [ SQL ] SHOW COLUMNS FROM `en_hooks` [ RunTime:0.001140s ]
[ sql ] [ SQL ] SELECT `name`,`addons`,`modules` FROM `en_hooks` WHERE  `status` = 1 [ RunTime:0.000357s ]
[ sql ] [ SQL ] SHOW COLUMNS FROM `en_admin` [ RunTime:0.001104s ]
[ sql ] [ SQL ] SELECT * FROM `en_admin` WHERE  `id` = 1 LIMIT 1 [ RunTime:0.000500s ]
[ sql ] [ SQL ] SHOW COLUMNS FROM `en_infoimg` [ RunTime:0.002372s ]
[ sql ] [ SQL ] SELECT `a`.*,`b`.`classname` FROM `en_infoimg` `a` INNER JOIN `en_infoclass` `b` ON `a`.`classid`=`b`.`id` ORDER BY `a`.`orderid` DESC,`a`.`classid` DESC LIMIT 0,10 [ RunTime:0.013310s ]
[ sql ] [ SQL ] SELECT * FROM `en_infoimg` [ RunTime:0.000504s ]
---------------------------------------------------------------

[2020-10-28T08:49:01+08:00] 127.0.0.1 GET www.test.com/admin/infoimg/index/menuid/templates/default/images/imgdata/moto.jpg
[运行时间：0.079392s] [吞吐率：12.60req/s] [内存消耗：4,611.73kb] [文件加载：170]
[ info ] [ LANG ] E:\MyServer\www\test\thinkphp\lang\zh-cn.php
[ info ] [ DB ] INIT mysql
[ info ] [ ROUTE ] array (
)
[ info ] [ HEADER ] array (
  'host' => 'www.test.com',
  'connection' => 'keep-alive',
  'user-agent' => 'Mozilla/5.0 (Windows NT 10.0; WOW64) AppleWebKit/537.36 (KHTML, like Gecko) Chrome/73.0.3683.75 Safari/537.36',
  'accept' => 'image/webp,image/apng,image/*,*/*;q=0.8',
  'referer' => 'http://www.test.com/admin/infoimg/index/menuid/60.html',
  'accept-encoding' => 'gzip, deflate',
  'accept-language' => 'zh-CN,zh;q=0.9',
  'cookie' => 'thinkphp_show_page_trace=0|0; thinkphp_show_page_trace=0|0; PHPSESSID=q8sslcho7ji9a9rsebsli7b17s',
)
[ info ] [ PARAM ] array (
  '/admin/infoimg/index/menuid/templates/default/images/imgdata/moto_jpg' => '',
  'menuid' => 'templates',
  'default' => 'images',
  'imgdata' => 'moto.jpg',
)
[ info ] [ VIEW ] E:\MyServer\www\test\application\admin\view\infoimg\index.html [ array (
) ]
[ sql ] [ DB ] CONNECT:[ UseTime:0.000872s ] mysql:host=127.0.0.1;dbname=test;charset=utf8
[ sql ] [ SQL ] SHOW COLUMNS FROM `en_hooks` [ RunTime:0.001347s ]
[ sql ] [ SQL ] SELECT `name`,`addons`,`modules` FROM `en_hooks` WHERE  `status` = 1 [ RunTime:0.000642s ]
[ sql ] [ SQL ] SHOW COLUMNS FROM `en_admin` [ RunTime:0.001167s ]
[ sql ] [ SQL ] SELECT * FROM `en_admin` WHERE  `id` = 1 LIMIT 1 [ RunTime:0.000536s ]
---------------------------------------------------------------

[2020-10-28T08:49:02+08:00] 127.0.0.1 GET www.test.com/admin/infoimg/index/menuid/templates/default/images/imgdata/slideimg_1.jpg
[运行时间：0.096124s] [吞吐率：10.40req/s] [内存消耗：4,611.80kb] [文件加载：170]
[ info ] [ LANG ] E:\MyServer\www\test\thinkphp\lang\zh-cn.php
[ info ] [ DB ] INIT mysql
[ info ] [ ROUTE ] array (
)
[ info ] [ HEADER ] array (
  'host' => 'www.test.com',
  'connection' => 'keep-alive',
  'user-agent' => 'Mozilla/5.0 (Windows NT 10.0; WOW64) AppleWebKit/537.36 (KHTML, like Gecko) Chrome/73.0.3683.75 Safari/537.36',
  'accept' => 'image/webp,image/apng,image/*,*/*;q=0.8',
  'referer' => 'http://www.test.com/admin/infoimg/index/menuid/60.html',
  'accept-encoding' => 'gzip, deflate',
  'accept-language' => 'zh-CN,zh;q=0.9',
  'cookie' => 'thinkphp_show_page_trace=0|0; thinkphp_show_page_trace=0|0; PHPSESSID=q8sslcho7ji9a9rsebsli7b17s',
)
[ info ] [ PARAM ] array (
  '/admin/infoimg/index/menuid/templates/default/images/imgdata/slideimg_1_jpg' => '',
  'menuid' => 'templates',
  'default' => 'images',
  'imgdata' => 'slideimg_1.jpg',
)
[ info ] [ VIEW ] E:\MyServer\www\test\application\admin\view\infoimg\index.html [ array (
) ]
[ sql ] [ DB ] CONNECT:[ UseTime:0.000845s ] mysql:host=127.0.0.1;dbname=test;charset=utf8
[ sql ] [ SQL ] SHOW COLUMNS FROM `en_hooks` [ RunTime:0.001249s ]
[ sql ] [ SQL ] SELECT `name`,`addons`,`modules` FROM `en_hooks` WHERE  `status` = 1 [ RunTime:0.000754s ]
[ sql ] [ SQL ] SHOW COLUMNS FROM `en_admin` [ RunTime:0.001686s ]
[ sql ] [ SQL ] SELECT * FROM `en_admin` WHERE  `id` = 1 LIMIT 1 [ RunTime:0.000363s ]
---------------------------------------------------------------

[2020-10-28T08:49:02+08:00] 127.0.0.1 GET www.test.com/admin/infoimg/index/menuid/templates/default/images/imgdata/I559.jpg
[运行时间：0.094116s] [吞吐率：10.63req/s] [内存消耗：4,611.75kb] [文件加载：170]
[ info ] [ LANG ] E:\MyServer\www\test\thinkphp\lang\zh-cn.php
[ info ] [ DB ] INIT mysql
[ info ] [ ROUTE ] array (
)
[ info ] [ HEADER ] array (
  'host' => 'www.test.com',
  'connection' => 'keep-alive',
  'user-agent' => 'Mozilla/5.0 (Windows NT 10.0; WOW64) AppleWebKit/537.36 (KHTML, like Gecko) Chrome/73.0.3683.75 Safari/537.36',
  'accept' => 'image/webp,image/apng,image/*,*/*;q=0.8',
  'referer' => 'http://www.test.com/admin/infoimg/index/menuid/60.html',
  'accept-encoding' => 'gzip, deflate',
  'accept-language' => 'zh-CN,zh;q=0.9',
  'cookie' => 'thinkphp_show_page_trace=0|0; thinkphp_show_page_trace=0|0; PHPSESSID=q8sslcho7ji9a9rsebsli7b17s',
)
[ info ] [ PARAM ] array (
  '/admin/infoimg/index/menuid/templates/default/images/imgdata/I559_jpg' => '',
  'menuid' => 'templates',
  'default' => 'images',
  'imgdata' => 'I559.jpg',
)
[ info ] [ VIEW ] E:\MyServer\www\test\application\admin\view\infoimg\index.html [ array (
) ]
[ sql ] [ DB ] CONNECT:[ UseTime:0.020338s ] mysql:host=127.0.0.1;dbname=test;charset=utf8
[ sql ] [ SQL ] SHOW COLUMNS FROM `en_hooks` [ RunTime:0.001566s ]
[ sql ] [ SQL ] SELECT `name`,`addons`,`modules` FROM `en_hooks` WHERE  `status` = 1 [ RunTime:0.000435s ]
[ sql ] [ SQL ] SHOW COLUMNS FROM `en_admin` [ RunTime:0.001101s ]
[ sql ] [ SQL ] SELECT * FROM `en_admin` WHERE  `id` = 1 LIMIT 1 [ RunTime:0.000288s ]
---------------------------------------------------------------

[2020-10-28T08:49:02+08:00] 127.0.0.1 GET www.test.com/admin/infoimg/index/menuid/templates/default/images/imgdata/slideimg_4.jpg
[运行时间：0.130400s] [吞吐率：7.67req/s] [内存消耗：4,611.78kb] [文件加载：170]
[ info ] [ LANG ] E:\MyServer\www\test\thinkphp\lang\zh-cn.php
[ info ] [ DB ] INIT mysql
[ info ] [ ROUTE ] array (
)
[ info ] [ HEADER ] array (
  'host' => 'www.test.com',
  'connection' => 'keep-alive',
  'user-agent' => 'Mozilla/5.0 (Windows NT 10.0; WOW64) AppleWebKit/537.36 (KHTML, like Gecko) Chrome/73.0.3683.75 Safari/537.36',
  'accept' => 'image/webp,image/apng,image/*,*/*;q=0.8',
  'referer' => 'http://www.test.com/admin/infoimg/index/menuid/60.html',
  'accept-encoding' => 'gzip, deflate',
  'accept-language' => 'zh-CN,zh;q=0.9',
  'cookie' => 'thinkphp_show_page_trace=0|0; thinkphp_show_page_trace=0|0; PHPSESSID=q8sslcho7ji9a9rsebsli7b17s',
)
[ info ] [ PARAM ] array (
  '/admin/infoimg/index/menuid/templates/default/images/imgdata/slideimg_4_jpg' => '',
  'menuid' => 'templates',
  'default' => 'images',
  'imgdata' => 'slideimg_4.jpg',
)
[ info ] [ VIEW ] E:\MyServer\www\test\application\admin\view\infoimg\index.html [ array (
) ]
[ sql ] [ DB ] CONNECT:[ UseTime:0.023489s ] mysql:host=127.0.0.1;dbname=test;charset=utf8
[ sql ] [ SQL ] SHOW COLUMNS FROM `en_hooks` [ RunTime:0.001463s ]
[ sql ] [ SQL ] SELECT `name`,`addons`,`modules` FROM `en_hooks` WHERE  `status` = 1 [ RunTime:0.000525s ]
[ sql ] [ SQL ] SHOW COLUMNS FROM `en_admin` [ RunTime:0.001557s ]
[ sql ] [ SQL ] SELECT * FROM `en_admin` WHERE  `id` = 1 LIMIT 1 [ RunTime:0.000544s ]
---------------------------------------------------------------

[2020-10-28T08:49:02+08:00] 127.0.0.1 GET www.test.com/admin/infoimg/index/menuid/templates/default/images/imgdata/slideimg_3.jpg
[运行时间：0.150178s] [吞吐率：6.66req/s] [内存消耗：4,611.78kb] [文件加载：170]
[ info ] [ LANG ] E:\MyServer\www\test\thinkphp\lang\zh-cn.php
[ info ] [ DB ] INIT mysql
[ info ] [ ROUTE ] array (
)
[ info ] [ HEADER ] array (
  'host' => 'www.test.com',
  'connection' => 'keep-alive',
  'user-agent' => 'Mozilla/5.0 (Windows NT 10.0; WOW64) AppleWebKit/537.36 (KHTML, like Gecko) Chrome/73.0.3683.75 Safari/537.36',
  'accept' => 'image/webp,image/apng,image/*,*/*;q=0.8',
  'referer' => 'http://www.test.com/admin/infoimg/index/menuid/60.html',
  'accept-encoding' => 'gzip, deflate',
  'accept-language' => 'zh-CN,zh;q=0.9',
  'cookie' => 'thinkphp_show_page_trace=0|0; thinkphp_show_page_trace=0|0; PHPSESSID=q8sslcho7ji9a9rsebsli7b17s',
)
[ info ] [ PARAM ] array (
  '/admin/infoimg/index/menuid/templates/default/images/imgdata/slideimg_3_jpg' => '',
  'menuid' => 'templates',
  'default' => 'images',
  'imgdata' => 'slideimg_3.jpg',
)
[ info ] [ VIEW ] E:\MyServer\www\test\application\admin\view\infoimg\index.html [ array (
) ]
[ sql ] [ DB ] CONNECT:[ UseTime:0.022446s ] mysql:host=127.0.0.1;dbname=test;charset=utf8
[ sql ] [ SQL ] SHOW COLUMNS FROM `en_hooks` [ RunTime:0.001395s ]
[ sql ] [ SQL ] SELECT `name`,`addons`,`modules` FROM `en_hooks` WHERE  `status` = 1 [ RunTime:0.000376s ]
[ sql ] [ SQL ] SHOW COLUMNS FROM `en_admin` [ RunTime:0.000973s ]
[ sql ] [ SQL ] SELECT * FROM `en_admin` WHERE  `id` = 1 LIMIT 1 [ RunTime:0.000308s ]
---------------------------------------------------------------

[2020-10-28T08:49:02+08:00] 127.0.0.1 GET www.test.com/admin/infoimg/index/menuid/templates/default/images/imgdata/slideimg_2.jpg
[运行时间：0.166559s] [吞吐率：6.00req/s] [内存消耗：4,611.78kb] [文件加载：170]
[ info ] [ LANG ] E:\MyServer\www\test\thinkphp\lang\zh-cn.php
[ info ] [ DB ] INIT mysql
[ info ] [ ROUTE ] array (
)
[ info ] [ HEADER ] array (
  'host' => 'www.test.com',
  'connection' => 'keep-alive',
  'user-agent' => 'Mozilla/5.0 (Windows NT 10.0; WOW64) AppleWebKit/537.36 (KHTML, like Gecko) Chrome/73.0.3683.75 Safari/537.36',
  'accept' => 'image/webp,image/apng,image/*,*/*;q=0.8',
  'referer' => 'http://www.test.com/admin/infoimg/index/menuid/60.html',
  'accept-encoding' => 'gzip, deflate',
  'accept-language' => 'zh-CN,zh;q=0.9',
  'cookie' => 'thinkphp_show_page_trace=0|0; thinkphp_show_page_trace=0|0; PHPSESSID=q8sslcho7ji9a9rsebsli7b17s',
)
[ info ] [ PARAM ] array (
  '/admin/infoimg/index/menuid/templates/default/images/imgdata/slideimg_2_jpg' => '',
  'menuid' => 'templates',
  'default' => 'images',
  'imgdata' => 'slideimg_2.jpg',
)
[ info ] [ VIEW ] E:\MyServer\www\test\application\admin\view\infoimg\index.html [ array (
) ]
[ sql ] [ DB ] CONNECT:[ UseTime:0.022519s ] mysql:host=127.0.0.1;dbname=test;charset=utf8
[ sql ] [ SQL ] SHOW COLUMNS FROM `en_hooks` [ RunTime:0.001344s ]
[ sql ] [ SQL ] SELECT `name`,`addons`,`modules` FROM `en_hooks` WHERE  `status` = 1 [ RunTime:0.000367s ]
[ sql ] [ SQL ] SHOW COLUMNS FROM `en_admin` [ RunTime:0.001066s ]
[ sql ] [ SQL ] SELECT * FROM `en_admin` WHERE  `id` = 1 LIMIT 1 [ RunTime:0.000325s ]
---------------------------------------------------------------

[2020-10-28T08:49:02+08:00] 127.0.0.1 GET www.test.com/admin/infoimg/index/menuid/templates/default/images/imgdata/zhonghua.jpg
[运行时间：0.091381s] [吞吐率：10.94req/s] [内存消耗：4,611.77kb] [文件加载：170]
[ info ] [ LANG ] E:\MyServer\www\test\thinkphp\lang\zh-cn.php
[ info ] [ DB ] INIT mysql
[ info ] [ ROUTE ] array (
)
[ info ] [ HEADER ] array (
  'host' => 'www.test.com',
  'connection' => 'keep-alive',
  'user-agent' => 'Mozilla/5.0 (Windows NT 10.0; WOW64) AppleWebKit/537.36 (KHTML, like Gecko) Chrome/73.0.3683.75 Safari/537.36',
  'accept' => 'image/webp,image/apng,image/*,*/*;q=0.8',
  'referer' => 'http://www.test.com/admin/infoimg/index/menuid/60.html',
  'accept-encoding' => 'gzip, deflate',
  'accept-language' => 'zh-CN,zh;q=0.9',
  'cookie' => 'thinkphp_show_page_trace=0|0; thinkphp_show_page_trace=0|0; PHPSESSID=q8sslcho7ji9a9rsebsli7b17s',
)
[ info ] [ PARAM ] array (
  '/admin/infoimg/index/menuid/templates/default/images/imgdata/zhonghua_jpg' => '',
  'menuid' => 'templates',
  'default' => 'images',
  'imgdata' => 'zhonghua.jpg',
)
[ info ] [ VIEW ] E:\MyServer\www\test\application\admin\view\infoimg\index.html [ array (
) ]
[ sql ] [ DB ] CONNECT:[ UseTime:0.020958s ] mysql:host=127.0.0.1;dbname=test;charset=utf8
[ sql ] [ SQL ] SHOW COLUMNS FROM `en_hooks` [ RunTime:0.001171s ]
[ sql ] [ SQL ] SELECT `name`,`addons`,`modules` FROM `en_hooks` WHERE  `status` = 1 [ RunTime:0.000357s ]
[ sql ] [ SQL ] SHOW COLUMNS FROM `en_admin` [ RunTime:0.001096s ]
[ sql ] [ SQL ] SELECT * FROM `en_admin` WHERE  `id` = 1 LIMIT 1 [ RunTime:0.000283s ]
---------------------------------------------------------------

[2020-10-28T08:49:02+08:00] 127.0.0.1 GET www.test.com/admin/infoimg/index/menuid/templates/default/images/imgdata/361du.jpg
[运行时间：0.088719s] [吞吐率：11.27req/s] [内存消耗：4,611.70kb] [文件加载：170]
[ info ] [ LANG ] E:\MyServer\www\test\thinkphp\lang\zh-cn.php
[ info ] [ DB ] INIT mysql
[ info ] [ ROUTE ] array (
)
[ info ] [ HEADER ] array (
  'host' => 'www.test.com',
  'connection' => 'keep-alive',
  'user-agent' => 'Mozilla/5.0 (Windows NT 10.0; WOW64) AppleWebKit/537.36 (KHTML, like Gecko) Chrome/73.0.3683.75 Safari/537.36',
  'accept' => 'image/webp,image/apng,image/*,*/*;q=0.8',
  'referer' => 'http://www.test.com/admin/infoimg/index/menuid/60.html',
  'accept-encoding' => 'gzip, deflate',
  'accept-language' => 'zh-CN,zh;q=0.9',
  'cookie' => 'thinkphp_show_page_trace=0|0; thinkphp_show_page_trace=0|0; PHPSESSID=q8sslcho7ji9a9rsebsli7b17s',
)
[ info ] [ PARAM ] array (
  '/admin/infoimg/index/menuid/templates/default/images/imgdata/361du_jpg' => '',
  'menuid' => 'templates',
  'default' => 'images',
  'imgdata' => '361du.jpg',
)
[ info ] [ VIEW ] E:\MyServer\www\test\application\admin\view\infoimg\index.html [ array (
) ]
[ sql ] [ DB ] CONNECT:[ UseTime:0.015614s ] mysql:host=127.0.0.1;dbname=test;charset=utf8
[ sql ] [ SQL ] SHOW COLUMNS FROM `en_hooks` [ RunTime:0.001541s ]
[ sql ] [ SQL ] SELECT `name`,`addons`,`modules` FROM `en_hooks` WHERE  `status` = 1 [ RunTime:0.000390s ]
[ sql ] [ SQL ] SHOW COLUMNS FROM `en_admin` [ RunTime:0.001157s ]
[ sql ] [ SQL ] SELECT * FROM `en_admin` WHERE  `id` = 1 LIMIT 1 [ RunTime:0.000357s ]
---------------------------------------------------------------

[2020-10-28T08:49:02+08:00] 127.0.0.1 GET www.test.com/admin/infoimg/index/menuid/templates/default/images/imgdata/iMac.jpg
[运行时间：0.088500s] [吞吐率：11.30req/s] [内存消耗：4,611.75kb] [文件加载：170]
[ info ] [ LANG ] E:\MyServer\www\test\thinkphp\lang\zh-cn.php
[ info ] [ DB ] INIT mysql
[ info ] [ ROUTE ] array (
)
[ info ] [ HEADER ] array (
  'host' => 'www.test.com',
  'connection' => 'keep-alive',
  'user-agent' => 'Mozilla/5.0 (Windows NT 10.0; WOW64) AppleWebKit/537.36 (KHTML, like Gecko) Chrome/73.0.3683.75 Safari/537.36',
  'accept' => 'image/webp,image/apng,image/*,*/*;q=0.8',
  'referer' => 'http://www.test.com/admin/infoimg/index/menuid/60.html',
  'accept-encoding' => 'gzip, deflate',
  'accept-language' => 'zh-CN,zh;q=0.9',
  'cookie' => 'thinkphp_show_page_trace=0|0; thinkphp_show_page_trace=0|0; PHPSESSID=q8sslcho7ji9a9rsebsli7b17s',
)
[ info ] [ PARAM ] array (
  '/admin/infoimg/index/menuid/templates/default/images/imgdata/iMac_jpg' => '',
  'menuid' => 'templates',
  'default' => 'images',
  'imgdata' => 'iMac.jpg',
)
[ info ] [ VIEW ] E:\MyServer\www\test\application\admin\view\infoimg\index.html [ array (
) ]
[ sql ] [ DB ] CONNECT:[ UseTime:0.018006s ] mysql:host=127.0.0.1;dbname=test;charset=utf8
[ sql ] [ SQL ] SHOW COLUMNS FROM `en_hooks` [ RunTime:0.001024s ]
[ sql ] [ SQL ] SELECT `name`,`addons`,`modules` FROM `en_hooks` WHERE  `status` = 1 [ RunTime:0.000445s ]
[ sql ] [ SQL ] SHOW COLUMNS FROM `en_admin` [ RunTime:0.001143s ]
[ sql ] [ SQL ] SELECT * FROM `en_admin` WHERE  `id` = 1 LIMIT 1 [ RunTime:0.000353s ]
---------------------------------------------------------------

[2020-10-28T08:49:03+08:00] 127.0.0.1 GET www.test.com/admin/infoimg/index.html?page=2&limit=10
[运行时间：0.066980s] [吞吐率：14.93req/s] [内存消耗：4,394.76kb] [文件加载：165]
[ info ] [ LANG ] E:\MyServer\www\test\thinkphp\lang\zh-cn.php
[ info ] [ DB ] INIT mysql
[ info ] [ ROUTE ] array (
)
[ info ] [ HEADER ] array (
  'host' => 'www.test.com',
  'connection' => 'keep-alive',
  'accept' => 'application/json, text/javascript, */*; q=0.01',
  'x-requested-with' => 'XMLHttpRequest',
  'user-agent' => 'Mozilla/5.0 (Windows NT 10.0; WOW64) AppleWebKit/537.36 (KHTML, like Gecko) Chrome/73.0.3683.75 Safari/537.36',
  'referer' => 'http://www.test.com/admin/infoimg/index/menuid/60.html',
  'accept-encoding' => 'gzip, deflate',
  'accept-language' => 'zh-CN,zh;q=0.9',
  'cookie' => 'thinkphp_show_page_trace=0|0; PHPSESSID=q8sslcho7ji9a9rsebsli7b17s',
)
[ info ] [ PARAM ] array (
  '/admin/infoimg/index_html' => '',
  'page' => '2',
  'limit' => '10',
)
[ sql ] [ DB ] CONNECT:[ UseTime:0.020961s ] mysql:host=127.0.0.1;dbname=test;charset=utf8
[ sql ] [ SQL ] SHOW COLUMNS FROM `en_hooks` [ RunTime:0.001105s ]
[ sql ] [ SQL ] SELECT `name`,`addons`,`modules` FROM `en_hooks` WHERE  `status` = 1 [ RunTime:0.000406s ]
[ sql ] [ SQL ] SHOW COLUMNS FROM `en_admin` [ RunTime:0.001131s ]
[ sql ] [ SQL ] SELECT * FROM `en_admin` WHERE  `id` = 1 LIMIT 1 [ RunTime:0.000394s ]
[ sql ] [ SQL ] SHOW COLUMNS FROM `en_infoimg` [ RunTime:0.000971s ]
[ sql ] [ SQL ] SELECT `a`.*,`b`.`classname` FROM `en_infoimg` `a` INNER JOIN `en_infoclass` `b` ON `a`.`classid`=`b`.`id` ORDER BY `a`.`orderid` DESC,`a`.`classid` DESC LIMIT 10,10 [ RunTime:0.000672s ]
[ sql ] [ SQL ] SELECT * FROM `en_infoimg` [ RunTime:0.000410s ]
---------------------------------------------------------------

[2020-10-28T08:49:03+08:00] 127.0.0.1 GET www.test.com/admin/infoimg/index/menuid/templates/default/images/imgdata/macbook.jpg
[运行时间：0.050929s] [吞吐率：19.64req/s] [内存消耗：4,611.75kb] [文件加载：170]
[ info ] [ LANG ] E:\MyServer\www\test\thinkphp\lang\zh-cn.php
[ info ] [ DB ] INIT mysql
[ info ] [ ROUTE ] array (
)
[ info ] [ HEADER ] array (
  'host' => 'www.test.com',
  'connection' => 'keep-alive',
  'user-agent' => 'Mozilla/5.0 (Windows NT 10.0; WOW64) AppleWebKit/537.36 (KHTML, like Gecko) Chrome/73.0.3683.75 Safari/537.36',
  'accept' => 'image/webp,image/apng,image/*,*/*;q=0.8',
  'referer' => 'http://www.test.com/admin/infoimg/index/menuid/60.html',
  'accept-encoding' => 'gzip, deflate',
  'accept-language' => 'zh-CN,zh;q=0.9',
  'cookie' => 'thinkphp_show_page_trace=0|0; thinkphp_show_page_trace=0|0; PHPSESSID=q8sslcho7ji9a9rsebsli7b17s',
)
[ info ] [ PARAM ] array (
  '/admin/infoimg/index/menuid/templates/default/images/imgdata/macbook_jpg' => '',
  'menuid' => 'templates',
  'default' => 'images',
  'imgdata' => 'macbook.jpg',
)
[ info ] [ VIEW ] E:\MyServer\www\test\application\admin\view\infoimg\index.html [ array (
) ]
[ sql ] [ DB ] CONNECT:[ UseTime:0.000837s ] mysql:host=127.0.0.1;dbname=test;charset=utf8
[ sql ] [ SQL ] SHOW COLUMNS FROM `en_hooks` [ RunTime:0.002612s ]
[ sql ] [ SQL ] SELECT `name`,`addons`,`modules` FROM `en_hooks` WHERE  `status` = 1 [ RunTime:0.000437s ]
[ sql ] [ SQL ] SHOW COLUMNS FROM `en_admin` [ RunTime:0.001059s ]
[ sql ] [ SQL ] SELECT * FROM `en_admin` WHERE  `id` = 1 LIMIT 1 [ RunTime:0.000342s ]
---------------------------------------------------------------

[2020-10-28T08:49:04+08:00] 127.0.0.1 GET www.test.com/admin/infoimg/index/menuid/templates/default/images/imgdata/iphone4s_w.jpg
[运行时间：0.067351s] [吞吐率：14.85req/s] [内存消耗：4,611.80kb] [文件加载：170]
[ info ] [ LANG ] E:\MyServer\www\test\thinkphp\lang\zh-cn.php
[ info ] [ DB ] INIT mysql
[ info ] [ ROUTE ] array (
)
[ info ] [ HEADER ] array (
  'host' => 'www.test.com',
  'connection' => 'keep-alive',
  'user-agent' => 'Mozilla/5.0 (Windows NT 10.0; WOW64) AppleWebKit/537.36 (KHTML, like Gecko) Chrome/73.0.3683.75 Safari/537.36',
  'accept' => 'image/webp,image/apng,image/*,*/*;q=0.8',
  'referer' => 'http://www.test.com/admin/infoimg/index/menuid/60.html',
  'accept-encoding' => 'gzip, deflate',
  'accept-language' => 'zh-CN,zh;q=0.9',
  'cookie' => 'thinkphp_show_page_trace=0|0; thinkphp_show_page_trace=0|0; PHPSESSID=q8sslcho7ji9a9rsebsli7b17s',
)
[ info ] [ PARAM ] array (
  '/admin/infoimg/index/menuid/templates/default/images/imgdata/iphone4s_w_jpg' => '',
  'menuid' => 'templates',
  'default' => 'images',
  'imgdata' => 'iphone4s_w.jpg',
)
[ info ] [ VIEW ] E:\MyServer\www\test\application\admin\view\infoimg\index.html [ array (
) ]
[ sql ] [ DB ] CONNECT:[ UseTime:0.017077s ] mysql:host=127.0.0.1;dbname=test;charset=utf8
[ sql ] [ SQL ] SHOW COLUMNS FROM `en_hooks` [ RunTime:0.001158s ]
[ sql ] [ SQL ] SELECT `name`,`addons`,`modules` FROM `en_hooks` WHERE  `status` = 1 [ RunTime:0.000362s ]
[ sql ] [ SQL ] SHOW COLUMNS FROM `en_admin` [ RunTime:0.001168s ]
[ sql ] [ SQL ] SELECT * FROM `en_admin` WHERE  `id` = 1 LIMIT 1 [ RunTime:0.000388s ]
---------------------------------------------------------------

[2020-10-28T08:49:04+08:00] 127.0.0.1 GET www.test.com/admin/infoimg/index/menuid/templates/default/images/imgdata/ipad2.jpg
[运行时间：0.079726s] [吞吐率：12.54req/s] [内存消耗：4,611.75kb] [文件加载：170]
[ info ] [ LANG ] E:\MyServer\www\test\thinkphp\lang\zh-cn.php
[ info ] [ DB ] INIT mysql
[ info ] [ ROUTE ] array (
)
[ info ] [ HEADER ] array (
  'host' => 'www.test.com',
  'connection' => 'keep-alive',
  'user-agent' => 'Mozilla/5.0 (Windows NT 10.0; WOW64) AppleWebKit/537.36 (KHTML, like Gecko) Chrome/73.0.3683.75 Safari/537.36',
  'accept' => 'image/webp,image/apng,image/*,*/*;q=0.8',
  'referer' => 'http://www.test.com/admin/infoimg/index/menuid/60.html',
  'accept-encoding' => 'gzip, deflate',
  'accept-language' => 'zh-CN,zh;q=0.9',
  'cookie' => 'thinkphp_show_page_trace=0|0; thinkphp_show_page_trace=0|0; PHPSESSID=q8sslcho7ji9a9rsebsli7b17s',
)
[ info ] [ PARAM ] array (
  '/admin/infoimg/index/menuid/templates/default/images/imgdata/ipad2_jpg' => '',
  'menuid' => 'templates',
  'default' => 'images',
  'imgdata' => 'ipad2.jpg',
)
[ info ] [ VIEW ] E:\MyServer\www\test\application\admin\view\infoimg\index.html [ array (
) ]
[ sql ] [ DB ] CONNECT:[ UseTime:0.017680s ] mysql:host=127.0.0.1;dbname=test;charset=utf8
[ sql ] [ SQL ] SHOW COLUMNS FROM `en_hooks` [ RunTime:0.001306s ]
[ sql ] [ SQL ] SELECT `name`,`addons`,`modules` FROM `en_hooks` WHERE  `status` = 1 [ RunTime:0.000382s ]
[ sql ] [ SQL ] SHOW COLUMNS FROM `en_admin` [ RunTime:0.001105s ]
[ sql ] [ SQL ] SELECT * FROM `en_admin` WHERE  `id` = 1 LIMIT 1 [ RunTime:0.000367s ]
---------------------------------------------------------------

[2020-10-28T08:49:04+08:00] 127.0.0.1 GET www.test.com/admin/infoimg/index/menuid/templates/default/images/imgdata/iPod.jpg
[运行时间：0.094011s] [吞吐率：10.64req/s] [内存消耗：4,611.73kb] [文件加载：170]
[ info ] [ LANG ] E:\MyServer\www\test\thinkphp\lang\zh-cn.php
[ info ] [ DB ] INIT mysql
[ info ] [ ROUTE ] array (
)
[ info ] [ HEADER ] array (
  'host' => 'www.test.com',
  'connection' => 'keep-alive',
  'user-agent' => 'Mozilla/5.0 (Windows NT 10.0; WOW64) AppleWebKit/537.36 (KHTML, like Gecko) Chrome/73.0.3683.75 Safari/537.36',
  'accept' => 'image/webp,image/apng,image/*,*/*;q=0.8',
  'referer' => 'http://www.test.com/admin/infoimg/index/menuid/60.html',
  'accept-encoding' => 'gzip, deflate',
  'accept-language' => 'zh-CN,zh;q=0.9',
  'cookie' => 'thinkphp_show_page_trace=0|0; thinkphp_show_page_trace=0|0; PHPSESSID=q8sslcho7ji9a9rsebsli7b17s',
)
[ info ] [ PARAM ] array (
  '/admin/infoimg/index/menuid/templates/default/images/imgdata/iPod_jpg' => '',
  'menuid' => 'templates',
  'default' => 'images',
  'imgdata' => 'iPod.jpg',
)
[ info ] [ VIEW ] E:\MyServer\www\test\application\admin\view\infoimg\index.html [ array (
) ]
[ sql ] [ DB ] CONNECT:[ UseTime:0.017833s ] mysql:host=127.0.0.1;dbname=test;charset=utf8
[ sql ] [ SQL ] SHOW COLUMNS FROM `en_hooks` [ RunTime:0.001185s ]
[ sql ] [ SQL ] SELECT `name`,`addons`,`modules` FROM `en_hooks` WHERE  `status` = 1 [ RunTime:0.000462s ]
[ sql ] [ SQL ] SHOW COLUMNS FROM `en_admin` [ RunTime:0.001120s ]
[ sql ] [ SQL ] SELECT * FROM `en_admin` WHERE  `id` = 1 LIMIT 1 [ RunTime:0.000357s ]
---------------------------------------------------------------

[2020-10-28T08:49:04+08:00] 127.0.0.1 GET www.test.com/admin/infoimg/index/menuid/templates/default/images/imgdata/iphone4s.jpg
[运行时间：0.104968s] [吞吐率：9.53req/s] [内存消耗：4,611.77kb] [文件加载：170]
[ info ] [ LANG ] E:\MyServer\www\test\thinkphp\lang\zh-cn.php
[ info ] [ DB ] INIT mysql
[ info ] [ ROUTE ] array (
)
[ info ] [ HEADER ] array (
  'host' => 'www.test.com',
  'connection' => 'keep-alive',
  'user-agent' => 'Mozilla/5.0 (Windows NT 10.0; WOW64) AppleWebKit/537.36 (KHTML, like Gecko) Chrome/73.0.3683.75 Safari/537.36',
  'accept' => 'image/webp,image/apng,image/*,*/*;q=0.8',
  'referer' => 'http://www.test.com/admin/infoimg/index/menuid/60.html',
  'accept-encoding' => 'gzip, deflate',
  'accept-language' => 'zh-CN,zh;q=0.9',
  'cookie' => 'thinkphp_show_page_trace=0|0; thinkphp_show_page_trace=0|0; PHPSESSID=q8sslcho7ji9a9rsebsli7b17s',
)
[ info ] [ PARAM ] array (
  '/admin/infoimg/index/menuid/templates/default/images/imgdata/iphone4s_jpg' => '',
  'menuid' => 'templates',
  'default' => 'images',
  'imgdata' => 'iphone4s.jpg',
)
[ info ] [ VIEW ] E:\MyServer\www\test\application\admin\view\infoimg\index.html [ array (
) ]
[ sql ] [ DB ] CONNECT:[ UseTime:0.016358s ] mysql:host=127.0.0.1;dbname=test;charset=utf8
[ sql ] [ SQL ] SHOW COLUMNS FROM `en_hooks` [ RunTime:0.001163s ]
[ sql ] [ SQL ] SELECT `name`,`addons`,`modules` FROM `en_hooks` WHERE  `status` = 1 [ RunTime:0.000357s ]
[ sql ] [ SQL ] SHOW COLUMNS FROM `en_admin` [ RunTime:0.001255s ]
[ sql ] [ SQL ] SELECT * FROM `en_admin` WHERE  `id` = 1 LIMIT 1 [ RunTime:0.000447s ]
---------------------------------------------------------------

[2020-10-28T08:49:05+08:00] 127.0.0.1 GET www.test.com/admin/infoimg/index.html?page=1&limit=10
[运行时间：0.070982s] [吞吐率：14.09req/s] [内存消耗：4,394.76kb] [文件加载：165]
[ info ] [ LANG ] E:\MyServer\www\test\thinkphp\lang\zh-cn.php
[ info ] [ DB ] INIT mysql
[ info ] [ ROUTE ] array (
)
[ info ] [ HEADER ] array (
  'host' => 'www.test.com',
  'connection' => 'keep-alive',
  'accept' => 'application/json, text/javascript, */*; q=0.01',
  'x-requested-with' => 'XMLHttpRequest',
  'user-agent' => 'Mozilla/5.0 (Windows NT 10.0; WOW64) AppleWebKit/537.36 (KHTML, like Gecko) Chrome/73.0.3683.75 Safari/537.36',
  'referer' => 'http://www.test.com/admin/infoimg/index/menuid/60.html',
  'accept-encoding' => 'gzip, deflate',
  'accept-language' => 'zh-CN,zh;q=0.9',
  'cookie' => 'thinkphp_show_page_trace=0|0; PHPSESSID=q8sslcho7ji9a9rsebsli7b17s',
)
[ info ] [ PARAM ] array (
  '/admin/infoimg/index_html' => '',
  'page' => '1',
  'limit' => '10',
)
[ sql ] [ DB ] CONNECT:[ UseTime:0.025443s ] mysql:host=127.0.0.1;dbname=test;charset=utf8
[ sql ] [ SQL ] SHOW COLUMNS FROM `en_hooks` [ RunTime:0.001119s ]
[ sql ] [ SQL ] SELECT `name`,`addons`,`modules` FROM `en_hooks` WHERE  `status` = 1 [ RunTime:0.000396s ]
[ sql ] [ SQL ] SHOW COLUMNS FROM `en_admin` [ RunTime:0.001106s ]
[ sql ] [ SQL ] SELECT * FROM `en_admin` WHERE  `id` = 1 LIMIT 1 [ RunTime:0.000358s ]
[ sql ] [ SQL ] SHOW COLUMNS FROM `en_infoimg` [ RunTime:0.000980s ]
[ sql ] [ SQL ] SELECT `a`.*,`b`.`classname` FROM `en_infoimg` `a` INNER JOIN `en_infoclass` `b` ON `a`.`classid`=`b`.`id` ORDER BY `a`.`orderid` DESC,`a`.`classid` DESC LIMIT 0,10 [ RunTime:0.000489s ]
[ sql ] [ SQL ] SELECT * FROM `en_infoimg` [ RunTime:0.000468s ]
---------------------------------------------------------------

[2020-10-28T08:49:05+08:00] 127.0.0.1 GET www.test.com/admin/infoimg/index/menuid/templates/default/images/imgdata/I559.jpg
[运行时间：0.053887s] [吞吐率：18.56req/s] [内存消耗：4,611.73kb] [文件加载：170]
[ info ] [ LANG ] E:\MyServer\www\test\thinkphp\lang\zh-cn.php
[ info ] [ DB ] INIT mysql
[ info ] [ ROUTE ] array (
)
[ info ] [ HEADER ] array (
  'host' => 'www.test.com',
  'connection' => 'keep-alive',
  'user-agent' => 'Mozilla/5.0 (Windows NT 10.0; WOW64) AppleWebKit/537.36 (KHTML, like Gecko) Chrome/73.0.3683.75 Safari/537.36',
  'accept' => 'image/webp,image/apng,image/*,*/*;q=0.8',
  'referer' => 'http://www.test.com/admin/infoimg/index/menuid/60.html',
  'accept-encoding' => 'gzip, deflate',
  'accept-language' => 'zh-CN,zh;q=0.9',
  'cookie' => 'thinkphp_show_page_trace=0|0; thinkphp_show_page_trace=0|0; PHPSESSID=q8sslcho7ji9a9rsebsli7b17s',
)
[ info ] [ PARAM ] array (
  '/admin/infoimg/index/menuid/templates/default/images/imgdata/I559_jpg' => '',
  'menuid' => 'templates',
  'default' => 'images',
  'imgdata' => 'I559.jpg',
)
[ info ] [ VIEW ] E:\MyServer\www\test\application\admin\view\infoimg\index.html [ array (
) ]
[ sql ] [ DB ] CONNECT:[ UseTime:0.000547s ] mysql:host=127.0.0.1;dbname=test;charset=utf8
[ sql ] [ SQL ] SHOW COLUMNS FROM `en_hooks` [ RunTime:0.001298s ]
[ sql ] [ SQL ] SELECT `name`,`addons`,`modules` FROM `en_hooks` WHERE  `status` = 1 [ RunTime:0.000456s ]
[ sql ] [ SQL ] SHOW COLUMNS FROM `en_admin` [ RunTime:0.001137s ]
[ sql ] [ SQL ] SELECT * FROM `en_admin` WHERE  `id` = 1 LIMIT 1 [ RunTime:0.000366s ]
---------------------------------------------------------------

[2020-10-28T08:49:05+08:00] 127.0.0.1 GET www.test.com/admin/infoimg/index/menuid/templates/default/images/imgdata/slideimg_4.jpg
[运行时间：0.071939s] [吞吐率：13.90req/s] [内存消耗：4,611.78kb] [文件加载：170]
[ info ] [ LANG ] E:\MyServer\www\test\thinkphp\lang\zh-cn.php
[ info ] [ DB ] INIT mysql
[ info ] [ ROUTE ] array (
)
[ info ] [ HEADER ] array (
  'host' => 'www.test.com',
  'connection' => 'keep-alive',
  'user-agent' => 'Mozilla/5.0 (Windows NT 10.0; WOW64) AppleWebKit/537.36 (KHTML, like Gecko) Chrome/73.0.3683.75 Safari/537.36',
  'accept' => 'image/webp,image/apng,image/*,*/*;q=0.8',
  'referer' => 'http://www.test.com/admin/infoimg/index/menuid/60.html',
  'accept-encoding' => 'gzip, deflate',
  'accept-language' => 'zh-CN,zh;q=0.9',
  'cookie' => 'thinkphp_show_page_trace=0|0; thinkphp_show_page_trace=0|0; PHPSESSID=q8sslcho7ji9a9rsebsli7b17s',
)
[ info ] [ PARAM ] array (
  '/admin/infoimg/index/menuid/templates/default/images/imgdata/slideimg_4_jpg' => '',
  'menuid' => 'templates',
  'default' => 'images',
  'imgdata' => 'slideimg_4.jpg',
)
[ info ] [ VIEW ] E:\MyServer\www\test\application\admin\view\infoimg\index.html [ array (
) ]
[ sql ] [ DB ] CONNECT:[ UseTime:0.000658s ] mysql:host=127.0.0.1;dbname=test;charset=utf8
[ sql ] [ SQL ] SHOW COLUMNS FROM `en_hooks` [ RunTime:0.001286s ]
[ sql ] [ SQL ] SELECT `name`,`addons`,`modules` FROM `en_hooks` WHERE  `status` = 1 [ RunTime:0.000472s ]
[ sql ] [ SQL ] SHOW COLUMNS FROM `en_admin` [ RunTime:0.001096s ]
[ sql ] [ SQL ] SELECT * FROM `en_admin` WHERE  `id` = 1 LIMIT 1 [ RunTime:0.000397s ]
---------------------------------------------------------------

[2020-10-28T08:49:05+08:00] 127.0.0.1 GET www.test.com/admin/infoimg/index/menuid/templates/default/images/imgdata/slideimg_1.jpg
[运行时间：0.081794s] [吞吐率：12.23req/s] [内存消耗：4,611.80kb] [文件加载：170]
[ info ] [ LANG ] E:\MyServer\www\test\thinkphp\lang\zh-cn.php
[ info ] [ DB ] INIT mysql
[ info ] [ ROUTE ] array (
)
[ info ] [ HEADER ] array (
  'host' => 'www.test.com',
  'connection' => 'keep-alive',
  'user-agent' => 'Mozilla/5.0 (Windows NT 10.0; WOW64) AppleWebKit/537.36 (KHTML, like Gecko) Chrome/73.0.3683.75 Safari/537.36',
  'accept' => 'image/webp,image/apng,image/*,*/*;q=0.8',
  'referer' => 'http://www.test.com/admin/infoimg/index/menuid/60.html',
  'accept-encoding' => 'gzip, deflate',
  'accept-language' => 'zh-CN,zh;q=0.9',
  'cookie' => 'thinkphp_show_page_trace=0|0; thinkphp_show_page_trace=0|0; PHPSESSID=q8sslcho7ji9a9rsebsli7b17s',
)
[ info ] [ PARAM ] array (
  '/admin/infoimg/index/menuid/templates/default/images/imgdata/slideimg_1_jpg' => '',
  'menuid' => 'templates',
  'default' => 'images',
  'imgdata' => 'slideimg_1.jpg',
)
[ info ] [ VIEW ] E:\MyServer\www\test\application\admin\view\infoimg\index.html [ array (
) ]
[ sql ] [ DB ] CONNECT:[ UseTime:0.020805s ] mysql:host=127.0.0.1;dbname=test;charset=utf8
[ sql ] [ SQL ] SHOW COLUMNS FROM `en_hooks` [ RunTime:0.001580s ]
[ sql ] [ SQL ] SELECT `name`,`addons`,`modules` FROM `en_hooks` WHERE  `status` = 1 [ RunTime:0.000734s ]
[ sql ] [ SQL ] SHOW COLUMNS FROM `en_admin` [ RunTime:0.001144s ]
[ sql ] [ SQL ] SELECT * FROM `en_admin` WHERE  `id` = 1 LIMIT 1 [ RunTime:0.000372s ]
---------------------------------------------------------------

[2020-10-28T08:49:05+08:00] 127.0.0.1 GET www.test.com/admin/infoimg/index/menuid/templates/default/images/imgdata/moto.jpg
[运行时间：0.096022s] [吞吐率：10.41req/s] [内存消耗：4,611.73kb] [文件加载：170]
[ info ] [ LANG ] E:\MyServer\www\test\thinkphp\lang\zh-cn.php
[ info ] [ DB ] INIT mysql
[ info ] [ ROUTE ] array (
)
[ info ] [ HEADER ] array (
  'host' => 'www.test.com',
  'connection' => 'keep-alive',
  'user-agent' => 'Mozilla/5.0 (Windows NT 10.0; WOW64) AppleWebKit/537.36 (KHTML, like Gecko) Chrome/73.0.3683.75 Safari/537.36',
  'accept' => 'image/webp,image/apng,image/*,*/*;q=0.8',
  'referer' => 'http://www.test.com/admin/infoimg/index/menuid/60.html',
  'accept-encoding' => 'gzip, deflate',
  'accept-language' => 'zh-CN,zh;q=0.9',
  'cookie' => 'thinkphp_show_page_trace=0|0; thinkphp_show_page_trace=0|0; PHPSESSID=q8sslcho7ji9a9rsebsli7b17s',
)
[ info ] [ PARAM ] array (
  '/admin/infoimg/index/menuid/templates/default/images/imgdata/moto_jpg' => '',
  'menuid' => 'templates',
  'default' => 'images',
  'imgdata' => 'moto.jpg',
)
[ info ] [ VIEW ] E:\MyServer\www\test\application\admin\view\infoimg\index.html [ array (
) ]
[ sql ] [ DB ] CONNECT:[ UseTime:0.021531s ] mysql:host=127.0.0.1;dbname=test;charset=utf8
[ sql ] [ SQL ] SHOW COLUMNS FROM `en_hooks` [ RunTime:0.001647s ]
[ sql ] [ SQL ] SELECT `name`,`addons`,`modules` FROM `en_hooks` WHERE  `status` = 1 [ RunTime:0.000755s ]
[ sql ] [ SQL ] SHOW COLUMNS FROM `en_admin` [ RunTime:0.001190s ]
[ sql ] [ SQL ] SELECT * FROM `en_admin` WHERE  `id` = 1 LIMIT 1 [ RunTime:0.000382s ]
---------------------------------------------------------------

[2020-10-28T08:49:05+08:00] 127.0.0.1 GET www.test.com/admin/infoimg/index/menuid/templates/default/images/imgdata/slideimg_2.jpg
[运行时间：0.112377s] [吞吐率：8.90req/s] [内存消耗：4,611.78kb] [文件加载：170]
[ info ] [ LANG ] E:\MyServer\www\test\thinkphp\lang\zh-cn.php
[ info ] [ DB ] INIT mysql
[ info ] [ ROUTE ] array (
)
[ info ] [ HEADER ] array (
  'host' => 'www.test.com',
  'connection' => 'keep-alive',
  'user-agent' => 'Mozilla/5.0 (Windows NT 10.0; WOW64) AppleWebKit/537.36 (KHTML, like Gecko) Chrome/73.0.3683.75 Safari/537.36',
  'accept' => 'image/webp,image/apng,image/*,*/*;q=0.8',
  'referer' => 'http://www.test.com/admin/infoimg/index/menuid/60.html',
  'accept-encoding' => 'gzip, deflate',
  'accept-language' => 'zh-CN,zh;q=0.9',
  'cookie' => 'thinkphp_show_page_trace=0|0; thinkphp_show_page_trace=0|0; PHPSESSID=q8sslcho7ji9a9rsebsli7b17s',
)
[ info ] [ PARAM ] array (
  '/admin/infoimg/index/menuid/templates/default/images/imgdata/slideimg_2_jpg' => '',
  'menuid' => 'templates',
  'default' => 'images',
  'imgdata' => 'slideimg_2.jpg',
)
[ info ] [ VIEW ] E:\MyServer\www\test\application\admin\view\infoimg\index.html [ array (
) ]
[ sql ] [ DB ] CONNECT:[ UseTime:0.020181s ] mysql:host=127.0.0.1;dbname=test;charset=utf8
[ sql ] [ SQL ] SHOW COLUMNS FROM `en_hooks` [ RunTime:0.001547s ]
[ sql ] [ SQL ] SELECT `name`,`addons`,`modules` FROM `en_hooks` WHERE  `status` = 1 [ RunTime:0.000724s ]
[ sql ] [ SQL ] SHOW COLUMNS FROM `en_admin` [ RunTime:0.001592s ]
[ sql ] [ SQL ] SELECT * FROM `en_admin` WHERE  `id` = 1 LIMIT 1 [ RunTime:0.000362s ]
---------------------------------------------------------------

[2020-10-28T08:49:05+08:00] 127.0.0.1 GET www.test.com/admin/infoimg/index/menuid/templates/default/images/imgdata/slideimg_3.jpg
[运行时间：0.127576s] [吞吐率：7.84req/s] [内存消耗：4,611.80kb] [文件加载：170]
[ info ] [ LANG ] E:\MyServer\www\test\thinkphp\lang\zh-cn.php
[ info ] [ DB ] INIT mysql
[ info ] [ ROUTE ] array (
)
[ info ] [ HEADER ] array (
  'host' => 'www.test.com',
  'connection' => 'keep-alive',
  'user-agent' => 'Mozilla/5.0 (Windows NT 10.0; WOW64) AppleWebKit/537.36 (KHTML, like Gecko) Chrome/73.0.3683.75 Safari/537.36',
  'accept' => 'image/webp,image/apng,image/*,*/*;q=0.8',
  'referer' => 'http://www.test.com/admin/infoimg/index/menuid/60.html',
  'accept-encoding' => 'gzip, deflate',
  'accept-language' => 'zh-CN,zh;q=0.9',
  'cookie' => 'thinkphp_show_page_trace=0|0; thinkphp_show_page_trace=0|0; PHPSESSID=q8sslcho7ji9a9rsebsli7b17s',
)
[ info ] [ PARAM ] array (
  '/admin/infoimg/index/menuid/templates/default/images/imgdata/slideimg_3_jpg' => '',
  'menuid' => 'templates',
  'default' => 'images',
  'imgdata' => 'slideimg_3.jpg',
)
[ info ] [ VIEW ] E:\MyServer\www\test\application\admin\view\infoimg\index.html [ array (
) ]
[ sql ] [ DB ] CONNECT:[ UseTime:0.022394s ] mysql:host=127.0.0.1;dbname=test;charset=utf8
[ sql ] [ SQL ] SHOW COLUMNS FROM `en_hooks` [ RunTime:0.001644s ]
[ sql ] [ SQL ] SELECT `name`,`addons`,`modules` FROM `en_hooks` WHERE  `status` = 1 [ RunTime:0.000711s ]
[ sql ] [ SQL ] SHOW COLUMNS FROM `en_admin` [ RunTime:0.001189s ]
[ sql ] [ SQL ] SELECT * FROM `en_admin` WHERE  `id` = 1 LIMIT 1 [ RunTime:0.000741s ]
---------------------------------------------------------------

[2020-10-28T08:49:05+08:00] 127.0.0.1 GET www.test.com/admin/infoimg/index/menuid/templates/default/images/imgdata/zhonghua.jpg
[运行时间：0.082144s] [吞吐率：12.17req/s] [内存消耗：4,611.72kb] [文件加载：170]
[ info ] [ LANG ] E:\MyServer\www\test\thinkphp\lang\zh-cn.php
[ info ] [ DB ] INIT mysql
[ info ] [ ROUTE ] array (
)
[ info ] [ HEADER ] array (
  'host' => 'www.test.com',
  'connection' => 'keep-alive',
  'user-agent' => 'Mozilla/5.0 (Windows NT 10.0; WOW64) AppleWebKit/537.36 (KHTML, like Gecko) Chrome/73.0.3683.75 Safari/537.36',
  'accept' => 'image/webp,image/apng,image/*,*/*;q=0.8',
  'referer' => 'http://www.test.com/admin/infoimg/index/menuid/60.html',
  'accept-encoding' => 'gzip, deflate',
  'accept-language' => 'zh-CN,zh;q=0.9',
  'cookie' => 'thinkphp_show_page_trace=0|0; thinkphp_show_page_trace=0|0; PHPSESSID=q8sslcho7ji9a9rsebsli7b17s',
)
[ info ] [ PARAM ] array (
  '/admin/infoimg/index/menuid/templates/default/images/imgdata/zhonghua_jpg' => '',
  'menuid' => 'templates',
  'default' => 'images',
  'imgdata' => 'zhonghua.jpg',
)
[ info ] [ VIEW ] E:\MyServer\www\test\application\admin\view\infoimg\index.html [ array (
) ]
[ sql ] [ DB ] CONNECT:[ UseTime:0.024427s ] mysql:host=127.0.0.1;dbname=test;charset=utf8
[ sql ] [ SQL ] SHOW COLUMNS FROM `en_hooks` [ RunTime:0.001347s ]
[ sql ] [ SQL ] SELECT `name`,`addons`,`modules` FROM `en_hooks` WHERE  `status` = 1 [ RunTime:0.000718s ]
[ sql ] [ SQL ] SHOW COLUMNS FROM `en_admin` [ RunTime:0.002061s ]
[ sql ] [ SQL ] SELECT * FROM `en_admin` WHERE  `id` = 1 LIMIT 1 [ RunTime:0.000358s ]
---------------------------------------------------------------

[2020-10-28T08:49:05+08:00] 127.0.0.1 GET www.test.com/admin/infoimg/index/menuid/templates/default/images/imgdata/iMac.jpg
[运行时间：0.064933s] [吞吐率：15.40req/s] [内存消耗：4,611.73kb] [文件加载：170]
[ info ] [ LANG ] E:\MyServer\www\test\thinkphp\lang\zh-cn.php
[ info ] [ DB ] INIT mysql
[ info ] [ ROUTE ] array (
)
[ info ] [ HEADER ] array (
  'host' => 'www.test.com',
  'connection' => 'keep-alive',
  'user-agent' => 'Mozilla/5.0 (Windows NT 10.0; WOW64) AppleWebKit/537.36 (KHTML, like Gecko) Chrome/73.0.3683.75 Safari/537.36',
  'accept' => 'image/webp,image/apng,image/*,*/*;q=0.8',
  'referer' => 'http://www.test.com/admin/infoimg/index/menuid/60.html',
  'accept-encoding' => 'gzip, deflate',
  'accept-language' => 'zh-CN,zh;q=0.9',
  'cookie' => 'thinkphp_show_page_trace=0|0; thinkphp_show_page_trace=0|0; PHPSESSID=q8sslcho7ji9a9rsebsli7b17s',
)
[ info ] [ PARAM ] array (
  '/admin/infoimg/index/menuid/templates/default/images/imgdata/iMac_jpg' => '',
  'menuid' => 'templates',
  'default' => 'images',
  'imgdata' => 'iMac.jpg',
)
[ info ] [ VIEW ] E:\MyServer\www\test\application\admin\view\infoimg\index.html [ array (
) ]
[ sql ] [ DB ] CONNECT:[ UseTime:0.000792s ] mysql:host=127.0.0.1;dbname=test;charset=utf8
[ sql ] [ SQL ] SHOW COLUMNS FROM `en_hooks` [ RunTime:0.001629s ]
[ sql ] [ SQL ] SELECT `name`,`addons`,`modules` FROM `en_hooks` WHERE  `status` = 1 [ RunTime:0.000423s ]
[ sql ] [ SQL ] SHOW COLUMNS FROM `en_admin` [ RunTime:0.001128s ]
[ sql ] [ SQL ] SELECT * FROM `en_admin` WHERE  `id` = 1 LIMIT 1 [ RunTime:0.000361s ]
---------------------------------------------------------------

[2020-10-28T08:49:05+08:00] 127.0.0.1 GET www.test.com/admin/infoimg/index/menuid/templates/default/images/imgdata/361du.jpg
[运行时间：0.091842s] [吞吐率：10.89req/s] [内存消耗：4,611.70kb] [文件加载：170]
[ info ] [ LANG ] E:\MyServer\www\test\thinkphp\lang\zh-cn.php
[ info ] [ DB ] INIT mysql
[ info ] [ ROUTE ] array (
)
[ info ] [ HEADER ] array (
  'host' => 'www.test.com',
  'connection' => 'keep-alive',
  'user-agent' => 'Mozilla/5.0 (Windows NT 10.0; WOW64) AppleWebKit/537.36 (KHTML, like Gecko) Chrome/73.0.3683.75 Safari/537.36',
  'accept' => 'image/webp,image/apng,image/*,*/*;q=0.8',
  'referer' => 'http://www.test.com/admin/infoimg/index/menuid/60.html',
  'accept-encoding' => 'gzip, deflate',
  'accept-language' => 'zh-CN,zh;q=0.9',
  'cookie' => 'thinkphp_show_page_trace=0|0; thinkphp_show_page_trace=0|0; PHPSESSID=q8sslcho7ji9a9rsebsli7b17s',
)
[ info ] [ PARAM ] array (
  '/admin/infoimg/index/menuid/templates/default/images/imgdata/361du_jpg' => '',
  'menuid' => 'templates',
  'default' => 'images',
  'imgdata' => '361du.jpg',
)
[ info ] [ VIEW ] E:\MyServer\www\test\application\admin\view\infoimg\index.html [ array (
) ]
[ sql ] [ DB ] CONNECT:[ UseTime:0.025092s ] mysql:host=127.0.0.1;dbname=test;charset=utf8
[ sql ] [ SQL ] SHOW COLUMNS FROM `en_hooks` [ RunTime:0.001201s ]
[ sql ] [ SQL ] SELECT `name`,`addons`,`modules` FROM `en_hooks` WHERE  `status` = 1 [ RunTime:0.000472s ]
[ sql ] [ SQL ] SHOW COLUMNS FROM `en_admin` [ RunTime:0.001048s ]
[ sql ] [ SQL ] SELECT * FROM `en_admin` WHERE  `id` = 1 LIMIT 1 [ RunTime:0.000283s ]
---------------------------------------------------------------

[2020-10-28T08:49:08+08:00] 127.0.0.1 GET www.test.com/admin/soft/index/menuid/61.html
[运行时间：0.084169s] [吞吐率：11.88req/s] [内存消耗：4,606.34kb] [文件加载：170]
[ info ] [ LANG ] E:\MyServer\www\test\thinkphp\lang\zh-cn.php
[ info ] [ DB ] INIT mysql
[ info ] [ ROUTE ] array (
)
[ info ] [ HEADER ] array (
  'host' => 'www.test.com',
  'connection' => 'keep-alive',
  'upgrade-insecure-requests' => '1',
  'user-agent' => 'Mozilla/5.0 (Windows NT 10.0; WOW64) AppleWebKit/537.36 (KHTML, like Gecko) Chrome/73.0.3683.75 Safari/537.36',
  'accept' => 'text/html,application/xhtml+xml,application/xml;q=0.9,image/webp,image/apng,*/*;q=0.8,application/signed-exchange;v=b3',
  'referer' => 'http://www.test.com/admin/index/index.html',
  'accept-encoding' => 'gzip, deflate',
  'accept-language' => 'zh-CN,zh;q=0.9',
  'cookie' => 'thinkphp_show_page_trace=0|0; PHPSESSID=q8sslcho7ji9a9rsebsli7b17s',
)
[ info ] [ PARAM ] array (
  '/admin/soft/index/menuid/61_html' => '',
  'menuid' => '61',
)
[ info ] [ VIEW ] E:\MyServer\www\test\application\admin\view\soft\index.html [ array (
) ]
[ sql ] [ DB ] CONNECT:[ UseTime:0.018560s ] mysql:host=127.0.0.1;dbname=test;charset=utf8
[ sql ] [ SQL ] SHOW COLUMNS FROM `en_hooks` [ RunTime:0.001065s ]
[ sql ] [ SQL ] SELECT `name`,`addons`,`modules` FROM `en_hooks` WHERE  `status` = 1 [ RunTime:0.000395s ]
[ sql ] [ SQL ] SHOW COLUMNS FROM `en_admin` [ RunTime:0.001117s ]
[ sql ] [ SQL ] SELECT * FROM `en_admin` WHERE  `id` = 1 LIMIT 1 [ RunTime:0.000355s ]
---------------------------------------------------------------

[2020-10-28T08:49:09+08:00] 127.0.0.1 GET www.test.com/admin/soft/index.html?page=1&limit=10
[运行时间：0.076533s] [吞吐率：13.07req/s] [内存消耗：4,382.72kb] [文件加载：165]
[ info ] [ LANG ] E:\MyServer\www\test\thinkphp\lang\zh-cn.php
[ info ] [ DB ] INIT mysql
[ info ] [ ROUTE ] array (
)
[ info ] [ HEADER ] array (
  'host' => 'www.test.com',
  'connection' => 'keep-alive',
  'accept' => 'application/json, text/javascript, */*; q=0.01',
  'x-requested-with' => 'XMLHttpRequest',
  'user-agent' => 'Mozilla/5.0 (Windows NT 10.0; WOW64) AppleWebKit/537.36 (KHTML, like Gecko) Chrome/73.0.3683.75 Safari/537.36',
  'referer' => 'http://www.test.com/admin/soft/index/menuid/61.html',
  'accept-encoding' => 'gzip, deflate',
  'accept-language' => 'zh-CN,zh;q=0.9',
  'cookie' => 'thinkphp_show_page_trace=0|0; PHPSESSID=q8sslcho7ji9a9rsebsli7b17s',
)
[ info ] [ PARAM ] array (
  '/admin/soft/index_html' => '',
  'page' => '1',
  'limit' => '10',
)
[ sql ] [ DB ] CONNECT:[ UseTime:0.017806s ] mysql:host=127.0.0.1;dbname=test;charset=utf8
[ sql ] [ SQL ] SHOW COLUMNS FROM `en_hooks` [ RunTime:0.001158s ]
[ sql ] [ SQL ] SELECT `name`,`addons`,`modules` FROM `en_hooks` WHERE  `status` = 1 [ RunTime:0.000412s ]
[ sql ] [ SQL ] SHOW COLUMNS FROM `en_admin` [ RunTime:0.001107s ]
[ sql ] [ SQL ] SELECT * FROM `en_admin` WHERE  `id` = 1 LIMIT 1 [ RunTime:0.000359s ]
[ sql ] [ SQL ] SHOW COLUMNS FROM `en_soft` [ RunTime:0.003070s ]
[ sql ] [ SQL ] SELECT `a`.*,`b`.`classname` FROM `en_soft` `a` INNER JOIN `en_infoclass` `b` ON `a`.`classid`=`b`.`id` ORDER BY `a`.`orderid` DESC,`a`.`classid` DESC LIMIT 0,10 [ RunTime:0.010939s ]
[ sql ] [ SQL ] SELECT * FROM `en_soft` [ RunTime:0.000415s ]
---------------------------------------------------------------

[2020-10-28T08:49:09+08:00] 127.0.0.1 GET www.test.com/admin/soft/index/menuid/templates/default/images/imgdata/mobliebaidulogo.jpg
[运行时间：0.061685s] [吞吐率：16.21req/s] [内存消耗：4,606.12kb] [文件加载：170]
[ info ] [ LANG ] E:\MyServer\www\test\thinkphp\lang\zh-cn.php
[ info ] [ DB ] INIT mysql
[ info ] [ ROUTE ] array (
)
[ info ] [ HEADER ] array (
  'host' => 'www.test.com',
  'connection' => 'keep-alive',
  'user-agent' => 'Mozilla/5.0 (Windows NT 10.0; WOW64) AppleWebKit/537.36 (KHTML, like Gecko) Chrome/73.0.3683.75 Safari/537.36',
  'accept' => 'image/webp,image/apng,image/*,*/*;q=0.8',
  'referer' => 'http://www.test.com/admin/soft/index/menuid/61.html',
  'accept-encoding' => 'gzip, deflate',
  'accept-language' => 'zh-CN,zh;q=0.9',
  'cookie' => 'thinkphp_show_page_trace=0|0; thinkphp_show_page_trace=0|0; PHPSESSID=q8sslcho7ji9a9rsebsli7b17s',
)
[ info ] [ PARAM ] array (
  '/admin/soft/index/menuid/templates/default/images/imgdata/mobliebaidulogo_jpg' => '',
  'menuid' => 'templates',
  'default' => 'images',
  'imgdata' => 'mobliebaidulogo.jpg',
)
[ info ] [ VIEW ] E:\MyServer\www\test\application\admin\view\soft\index.html [ array (
) ]
[ sql ] [ DB ] CONNECT:[ UseTime:0.011725s ] mysql:host=127.0.0.1;dbname=test;charset=utf8
[ sql ] [ SQL ] SHOW COLUMNS FROM `en_hooks` [ RunTime:0.001126s ]
[ sql ] [ SQL ] SELECT `name`,`addons`,`modules` FROM `en_hooks` WHERE  `status` = 1 [ RunTime:0.000474s ]
[ sql ] [ SQL ] SHOW COLUMNS FROM `en_admin` [ RunTime:0.001141s ]
[ sql ] [ SQL ] SELECT * FROM `en_admin` WHERE  `id` = 1 LIMIT 1 [ RunTime:0.000359s ]
---------------------------------------------------------------

[2020-10-28T08:49:09+08:00] 127.0.0.1 GET www.test.com/admin/soft/index/menuid/templates/default/images/imgdata/qqlogo.gif
[运行时间：0.073899s] [吞吐率：13.53req/s] [内存消耗：4,606.06kb] [文件加载：170]
[ info ] [ LANG ] E:\MyServer\www\test\thinkphp\lang\zh-cn.php
[ info ] [ DB ] INIT mysql
[ info ] [ ROUTE ] array (
)
[ info ] [ HEADER ] array (
  'host' => 'www.test.com',
  'connection' => 'keep-alive',
  'user-agent' => 'Mozilla/5.0 (Windows NT 10.0; WOW64) AppleWebKit/537.36 (KHTML, like Gecko) Chrome/73.0.3683.75 Safari/537.36',
  'accept' => 'image/webp,image/apng,image/*,*/*;q=0.8',
  'referer' => 'http://www.test.com/admin/soft/index/menuid/61.html',
  'accept-encoding' => 'gzip, deflate',
  'accept-language' => 'zh-CN,zh;q=0.9',
  'cookie' => 'thinkphp_show_page_trace=0|0; thinkphp_show_page_trace=0|0; PHPSESSID=q8sslcho7ji9a9rsebsli7b17s',
)
[ info ] [ PARAM ] array (
  '/admin/soft/index/menuid/templates/default/images/imgdata/qqlogo_gif' => '',
  'menuid' => 'templates',
  'default' => 'images',
  'imgdata' => 'qqlogo.gif',
)
[ info ] [ VIEW ] E:\MyServer\www\test\application\admin\view\soft\index.html [ array (
) ]
[ sql ] [ DB ] CONNECT:[ UseTime:0.011631s ] mysql:host=127.0.0.1;dbname=test;charset=utf8
[ sql ] [ SQL ] SHOW COLUMNS FROM `en_hooks` [ RunTime:0.001149s ]
[ sql ] [ SQL ] SELECT `name`,`addons`,`modules` FROM `en_hooks` WHERE  `status` = 1 [ RunTime:0.000435s ]
[ sql ] [ SQL ] SHOW COLUMNS FROM `en_admin` [ RunTime:0.001094s ]
[ sql ] [ SQL ] SELECT * FROM `en_admin` WHERE  `id` = 1 LIMIT 1 [ RunTime:0.000312s ]
---------------------------------------------------------------

[2020-10-28T08:49:12+08:00] 127.0.0.1 GET www.test.com/admin/infoclass/index/menuid/57.html
[运行时间：0.069062s] [吞吐率：14.48req/s] [内存消耗：4,613.86kb] [文件加载：171]
[ info ] [ LANG ] E:\MyServer\www\test\thinkphp\lang\zh-cn.php
[ info ] [ DB ] INIT mysql
[ info ] [ ROUTE ] array (
)
[ info ] [ HEADER ] array (
  'host' => 'www.test.com',
  'connection' => 'keep-alive',
  'upgrade-insecure-requests' => '1',
  'user-agent' => 'Mozilla/5.0 (Windows NT 10.0; WOW64) AppleWebKit/537.36 (KHTML, like Gecko) Chrome/73.0.3683.75 Safari/537.36',
  'accept' => 'text/html,application/xhtml+xml,application/xml;q=0.9,image/webp,image/apng,*/*;q=0.8,application/signed-exchange;v=b3',
  'referer' => 'http://www.test.com/admin/index/index.html',
  'accept-encoding' => 'gzip, deflate',
  'accept-language' => 'zh-CN,zh;q=0.9',
  'cookie' => 'thinkphp_show_page_trace=0|0; thinkphp_show_page_trace=0|0; PHPSESSID=q8sslcho7ji9a9rsebsli7b17s',
)
[ info ] [ PARAM ] array (
  '/admin/infoclass/index/menuid/57_html' => '',
  'menuid' => '57',
)
[ info ] [ VIEW ] E:\MyServer\www\test\application\admin\view\infoclass\index.html [ array (
) ]
[ sql ] [ DB ] CONNECT:[ UseTime:0.020912s ] mysql:host=127.0.0.1;dbname=test;charset=utf8
[ sql ] [ SQL ] SHOW COLUMNS FROM `en_hooks` [ RunTime:0.001175s ]
[ sql ] [ SQL ] SELECT `name`,`addons`,`modules` FROM `en_hooks` WHERE  `status` = 1 [ RunTime:0.000400s ]
[ sql ] [ SQL ] SHOW COLUMNS FROM `en_admin` [ RunTime:0.001099s ]
[ sql ] [ SQL ] SELECT * FROM `en_admin` WHERE  `id` = 1 LIMIT 1 [ RunTime:0.000357s ]
---------------------------------------------------------------

[2020-10-28T08:49:12+08:00] 127.0.0.1 POST www.test.com/admin/infoclass/index.html
[运行时间：0.062536s] [吞吐率：15.99req/s] [内存消耗：4,359.52kb] [文件加载：165]
[ info ] [ LANG ] E:\MyServer\www\test\thinkphp\lang\zh-cn.php
[ info ] [ DB ] INIT mysql
[ info ] [ ROUTE ] array (
)
[ info ] [ HEADER ] array (
  'host' => 'www.test.com',
  'connection' => 'keep-alive',
  'content-length' => '46',
  'accept' => 'application/json, text/javascript, */*; q=0.01',
  'origin' => 'http://www.test.com',
  'x-requested-with' => 'XMLHttpRequest',
  'user-agent' => 'Mozilla/5.0 (Windows NT 10.0; WOW64) AppleWebKit/537.36 (KHTML, like Gecko) Chrome/73.0.3683.75 Safari/537.36',
  'content-type' => 'application/x-www-form-urlencoded; charset=UTF-8',
  'referer' => 'http://www.test.com/admin/infoclass/index/menuid/57.html',
  'accept-encoding' => 'gzip, deflate',
  'accept-language' => 'zh-CN,zh;q=0.9',
  'cookie' => 'thinkphp_show_page_trace=0|0; PHPSESSID=q8sslcho7ji9a9rsebsli7b17s',
)
[ info ] [ PARAM ] array (
  '/admin/infoclass/index_html' => '',
  'page' => '1',
  'limit' => '10',
  'filterRules' => '[]',
  'sort' => '[]',
)
[ sql ] [ DB ] CONNECT:[ UseTime:0.017778s ] mysql:host=127.0.0.1;dbname=test;charset=utf8
[ sql ] [ SQL ] SHOW COLUMNS FROM `en_hooks` [ RunTime:0.001091s ]
[ sql ] [ SQL ] SELECT `name`,`addons`,`modules` FROM `en_hooks` WHERE  `status` = 1 [ RunTime:0.000408s ]
[ sql ] [ SQL ] SHOW COLUMNS FROM `en_admin` [ RunTime:0.001051s ]
[ sql ] [ SQL ] SELECT * FROM `en_admin` WHERE  `id` = 1 LIMIT 1 [ RunTime:0.000672s ]
[ sql ] [ SQL ] SHOW COLUMNS FROM `en_infoclass` [ RunTime:0.001239s ]
[ sql ] [ SQL ] SELECT * FROM `en_infoclass` ORDER BY `orderid` ASC [ RunTime:0.000565s ]
[ sql ] [ SQL ] SELECT * FROM `en_infoclass` [ RunTime:0.000374s ]
