---------------------------------------------------------------

[2020-11-09T10:18:53+08:00] ::1 GET q.qlogo.cn/qqapp/100243533/8B8FF27AC1BF3C097EE450830CE14B05/100
[运行时间：0.092598s] [吞吐率：10.80req/s] [内存消耗：3,761.18kb] [文件加载：149]
[ info ] [ LANG ] E:\MyServer\www\test\thinkphp\lang\zh-cn.php
[ info ] [ DB ] INIT mysql
[ info ] [ ROUTE ] array (
)
[ info ] [ HEADER ] array (
  'host' => 'q.qlogo.cn',
  'connection' => 'keep-alive',
  'accept' => 'image/webp,image/*,*/*;q=0.8',
  'user-agent' => 'Mozilla/4.0 (compatible; MSIE 7.0; Windows NT 6.2; WOW64; Trident/7.0; .NET4.0C; .NET4.0E; .NET CLR 2.0.50727; .NET CLR 3.0.30729; .NET CLR 3.5.30729)',
  'accept-encoding' => 'gzip, deflate',
  'accept-language' => 'zh-CN,zh;q=0.8,en-US;q=0.6,en;q=0.4',
)
[ info ] [ PARAM ] array (
  '/qqapp/100243533/8B8FF27AC1BF3C097EE450830CE14B05/100' => '',
)
[ sql ] [ DB ] CONNECT:[ UseTime:0.000987s ] mysql:host=127.0.0.1;dbname=test;charset=utf8
[ sql ] [ SQL ] SHOW COLUMNS FROM `en_hooks` [ RunTime:0.004460s ]
[ sql ] [ SQL ] SELECT `name`,`addons`,`modules` FROM `en_hooks` WHERE  `status` = 1 [ RunTime:0.015754s ]
---------------------------------------------------------------

[2020-11-09T10:18:53+08:00] ::1 GET q.qlogo.cn/qqapp/100243533/91B050DFD414674B1EBA2979C4AC826E/100
[运行时间：0.167491s] [吞吐率：5.97req/s] [内存消耗：3,761.19kb] [文件加载：149]
[ info ] [ LANG ] E:\MyServer\www\test\thinkphp\lang\zh-cn.php
[ info ] [ DB ] INIT mysql
[ info ] [ ROUTE ] array (
)
[ info ] [ HEADER ] array (
  'host' => 'q.qlogo.cn',
  'connection' => 'keep-alive',
  'accept' => 'image/webp,image/*,*/*;q=0.8',
  'user-agent' => 'Mozilla/4.0 (compatible; MSIE 7.0; Windows NT 6.2; WOW64; Trident/7.0; .NET4.0C; .NET4.0E; .NET CLR 2.0.50727; .NET CLR 3.0.30729; .NET CLR 3.5.30729)',
  'accept-encoding' => 'gzip, deflate',
  'accept-language' => 'zh-CN,zh;q=0.8,en-US;q=0.6,en;q=0.4',
)
[ info ] [ PARAM ] array (
  '/qqapp/100243533/91B050DFD414674B1EBA2979C4AC826E/100' => '',
)
[ sql ] [ DB ] CONNECT:[ UseTime:0.000805s ] mysql:host=127.0.0.1;dbname=test;charset=utf8
[ sql ] [ SQL ] SHOW COLUMNS FROM `en_hooks` [ RunTime:0.011345s ]
[ sql ] [ SQL ] SELECT `name`,`addons`,`modules` FROM `en_hooks` WHERE  `status` = 1 [ RunTime:0.015989s ]
---------------------------------------------------------------

[2020-11-09T10:18:53+08:00] ::1 GET q.qlogo.cn/qqapp/100243533/F1E15E3153CAC23EA3C7C859A251316C/100
[运行时间：0.167641s] [吞吐率：5.97req/s] [内存消耗：3,761.20kb] [文件加载：149]
[ info ] [ LANG ] E:\MyServer\www\test\thinkphp\lang\zh-cn.php
[ info ] [ DB ] INIT mysql
[ info ] [ ROUTE ] array (
)
[ info ] [ HEADER ] array (
  'host' => 'q.qlogo.cn',
  'connection' => 'keep-alive',
  'accept' => 'image/webp,image/*,*/*;q=0.8',
  'user-agent' => 'Mozilla/4.0 (compatible; MSIE 7.0; Windows NT 6.2; WOW64; Trident/7.0; .NET4.0C; .NET4.0E; .NET CLR 2.0.50727; .NET CLR 3.0.30729; .NET CLR 3.5.30729)',
  'accept-encoding' => 'gzip, deflate',
  'accept-language' => 'zh-CN,zh;q=0.8,en-US;q=0.6,en;q=0.4',
)
[ info ] [ PARAM ] array (
  '/qqapp/100243533/F1E15E3153CAC23EA3C7C859A251316C/100' => '',
)
[ sql ] [ DB ] CONNECT:[ UseTime:0.001589s ] mysql:host=127.0.0.1;dbname=test;charset=utf8
[ sql ] [ SQL ] SHOW COLUMNS FROM `en_hooks` [ RunTime:0.011398s ]
[ sql ] [ SQL ] SELECT `name`,`addons`,`modules` FROM `en_hooks` WHERE  `status` = 1 [ RunTime:0.015899s ]
---------------------------------------------------------------

[2020-11-09T10:18:53+08:00] ::1 GET q.qlogo.cn/qqapp/100243533/4D399B1E5F8E6B810AD8C62F6A99612A/100
[运行时间：0.168153s] [吞吐率：5.95req/s] [内存消耗：3,761.20kb] [文件加载：149]
[ info ] [ LANG ] E:\MyServer\www\test\thinkphp\lang\zh-cn.php
[ info ] [ DB ] INIT mysql
[ info ] [ ROUTE ] array (
)
[ info ] [ HEADER ] array (
  'host' => 'q.qlogo.cn',
  'connection' => 'keep-alive',
  'accept' => 'image/webp,image/*,*/*;q=0.8',
  'user-agent' => 'Mozilla/4.0 (compatible; MSIE 7.0; Windows NT 6.2; WOW64; Trident/7.0; .NET4.0C; .NET4.0E; .NET CLR 2.0.50727; .NET CLR 3.0.30729; .NET CLR 3.5.30729)',
  'accept-encoding' => 'gzip, deflate',
  'accept-language' => 'zh-CN,zh;q=0.8,en-US;q=0.6,en;q=0.4',
)
[ info ] [ PARAM ] array (
  '/qqapp/100243533/4D399B1E5F8E6B810AD8C62F6A99612A/100' => '',
)
[ sql ] [ DB ] CONNECT:[ UseTime:0.001623s ] mysql:host=127.0.0.1;dbname=test;charset=utf8
[ sql ] [ SQL ] SHOW COLUMNS FROM `en_hooks` [ RunTime:0.011404s ]
[ sql ] [ SQL ] SELECT `name`,`addons`,`modules` FROM `en_hooks` WHERE  `status` = 1 [ RunTime:0.015868s ]
---------------------------------------------------------------

[2020-11-09T10:18:53+08:00] ::1 GET q.qlogo.cn/qqapp/100243533/888EFC05FA0A6F654AFE7882BC73BFB0/100
[运行时间：0.059019s] [吞吐率：16.94req/s] [内存消耗：3,761.20kb] [文件加载：149]
[ info ] [ LANG ] E:\MyServer\www\test\thinkphp\lang\zh-cn.php
[ info ] [ DB ] INIT mysql
[ info ] [ ROUTE ] array (
)
[ info ] [ HEADER ] array (
  'host' => 'q.qlogo.cn',
  'connection' => 'keep-alive',
  'accept' => 'image/webp,image/*,*/*;q=0.8',
  'user-agent' => 'Mozilla/4.0 (compatible; MSIE 7.0; Windows NT 6.2; WOW64; Trident/7.0; .NET4.0C; .NET4.0E; .NET CLR 2.0.50727; .NET CLR 3.0.30729; .NET CLR 3.5.30729)',
  'accept-encoding' => 'gzip, deflate',
  'accept-language' => 'zh-CN,zh;q=0.8,en-US;q=0.6,en;q=0.4',
)
[ info ] [ PARAM ] array (
  '/qqapp/100243533/888EFC05FA0A6F654AFE7882BC73BFB0/100' => '',
)
[ sql ] [ DB ] CONNECT:[ UseTime:0.021794s ] mysql:host=127.0.0.1;dbname=test;charset=utf8
[ sql ] [ SQL ] SHOW COLUMNS FROM `en_hooks` [ RunTime:0.001571s ]
[ sql ] [ SQL ] SELECT `name`,`addons`,`modules` FROM `en_hooks` WHERE  `status` = 1 [ RunTime:0.000595s ]
---------------------------------------------------------------

[2020-11-09T21:05:29+08:00] 127.0.0.1 GET 127.0.0.1/
[运行时间：0.798587s] [吞吐率：1.25req/s] [内存消耗：3,763.02kb] [文件加载：148]
[ info ] [ LANG ] E:\MyServer\www\test\thinkphp\lang\zh-cn.php
[ info ] [ DB ] INIT mysql
[ info ] [ ROUTE ] array (
)
[ info ] [ HEADER ] array (
  'host' => '127.0.0.1',
  'connection' => 'keep-alive',
  'upgrade-insecure-requests' => '1',
  'user-agent' => 'Mozilla/5.0 (Windows NT 10.0; WOW64) AppleWebKit/537.36 (KHTML, like Gecko) Chrome/73.0.3683.75 Safari/537.36',
  'accept' => 'text/html,application/xhtml+xml,application/xml;q=0.9,image/webp,image/apng,*/*;q=0.8,application/signed-exchange;v=b3',
  'accept-encoding' => 'gzip, deflate, br',
  'accept-language' => 'zh-CN,zh;q=0.9',
)
[ info ] [ PARAM ] array (
)
[ info ] [ VIEW ] E:\MyServer\www\test\application\index\view\index\index.html [ array (
) ]
[ sql ] [ DB ] CONNECT:[ UseTime:0.020150s ] mysql:host=127.0.0.1;dbname=test;charset=utf8
[ sql ] [ SQL ] SHOW COLUMNS FROM `en_hooks` [ RunTime:0.025698s ]
[ sql ] [ SQL ] SELECT `name`,`addons`,`modules` FROM `en_hooks` WHERE  `status` = 1 [ RunTime:0.022544s ]
---------------------------------------------------------------

[2020-11-09T21:05:29+08:00] 127.0.0.1 GET 127.0.0.1/favicon.ico
[运行时间：0.366457s] [吞吐率：2.73req/s] [内存消耗：3,761.20kb] [文件加载：149]
[ info ] [ LANG ] E:\MyServer\www\test\thinkphp\lang\zh-cn.php
[ info ] [ DB ] INIT mysql
[ info ] [ ROUTE ] array (
)
[ info ] [ HEADER ] array (
  'host' => '127.0.0.1',
  'connection' => 'keep-alive',
  'user-agent' => 'Mozilla/5.0 (Windows NT 10.0; WOW64) AppleWebKit/537.36 (KHTML, like Gecko) Chrome/73.0.3683.75 Safari/537.36',
  'accept' => 'image/webp,image/apng,image/*,*/*;q=0.8',
  'referer' => 'http://127.0.0.1/',
  'accept-encoding' => 'gzip, deflate, br',
  'accept-language' => 'zh-CN,zh;q=0.9',
  'cookie' => 'thinkphp_show_page_trace=0|0',
)
[ info ] [ PARAM ] array (
  '/favicon_ico' => '',
)
[ sql ] [ DB ] CONNECT:[ UseTime:0.020669s ] mysql:host=127.0.0.1;dbname=test;charset=utf8
[ sql ] [ SQL ] SHOW COLUMNS FROM `en_hooks` [ RunTime:0.002136s ]
[ sql ] [ SQL ] SELECT `name`,`addons`,`modules` FROM `en_hooks` WHERE  `status` = 1 [ RunTime:0.001600s ]
---------------------------------------------------------------

[2020-11-09T21:05:58+08:00] 127.0.0.1 GET 127.0.0.1/
[运行时间：0.064274s] [吞吐率：15.56req/s] [内存消耗：3,763.48kb] [文件加载：148]
[ info ] [ LANG ] E:\MyServer\www\test\thinkphp\lang\zh-cn.php
[ info ] [ DB ] INIT mysql
[ info ] [ ROUTE ] array (
)
[ info ] [ HEADER ] array (
  'host' => '127.0.0.1',
  'connection' => 'keep-alive',
  'upgrade-insecure-requests' => '1',
  'user-agent' => 'Mozilla/5.0 (Windows NT 10.0; WOW64) AppleWebKit/537.36 (KHTML, like Gecko) Chrome/73.0.3683.75 Safari/537.36',
  'accept' => 'text/html,application/xhtml+xml,application/xml;q=0.9,image/webp,image/apng,*/*;q=0.8,application/signed-exchange;v=b3',
  'accept-encoding' => 'gzip, deflate, br',
  'accept-language' => 'zh-CN,zh;q=0.9',
  'cookie' => 'thinkphp_show_page_trace=0|0',
)
[ info ] [ PARAM ] array (
)
[ info ] [ VIEW ] E:\MyServer\www\test\application\index\view\index\index.html [ array (
) ]
[ sql ] [ DB ] CONNECT:[ UseTime:0.020884s ] mysql:host=127.0.0.1;dbname=test;charset=utf8
[ sql ] [ SQL ] SHOW COLUMNS FROM `en_hooks` [ RunTime:0.001576s ]
[ sql ] [ SQL ] SELECT `name`,`addons`,`modules` FROM `en_hooks` WHERE  `status` = 1 [ RunTime:0.000623s ]
